<?xml version="1.0" encoding="UTF-8"?>
<testsuite name="com.example.morax.MoraxApplicationTests" tests="1" skipped="0" failures="0" errors="0" timestamp="2023-12-03T09:29:59" hostname="DESKTOP-1ACE9F0" time="0.941">
  <properties/>
  <testcase name="contextLoads()" classname="com.example.morax.MoraxApplicationTests" time="0.941"/>
  <system-out><![CDATA[16:29:54.942 [Test worker] INFO org.springframework.test.context.support.AnnotationConfigContextLoaderUtils -- Could not detect default configuration classes for test class [com.example.morax.MoraxApplicationTests]: MoraxApplicationTests does not declare any static, non-private, non-final, nested classes annotated with @Configuration.
16:29:55.049 [Test worker] INFO org.springframework.boot.test.context.SpringBootTestContextBootstrapper -- Found @SpringBootConfiguration com.example.morax.MoraxApplication for test class com.example.morax.MoraxApplicationTests
16:29:55.213 [Test worker] INFO org.springframework.boot.devtools.restart.RestartApplicationListener -- Restart disabled due to context in which it is running

  .   ____          _            __ _ _
 /\\ / ___'_ __ _ _(_)_ __  __ _ \ \ \ \
( ( )\___ | '_ | '_| | '_ \/ _` | \ \ \ \
 \\/  ___)| |_)| | | | | || (_| |  ) ) ) )
  '  |____| .__|_| |_|_| |_\__, | / / / /
 =========|_|==============|___/=/_/_/_/
 :: Spring Boot ::                (v3.1.4)

2023-12-03T16:29:55.518+07:00  INFO 27952 --- [    Test worker] c.example.morax.MoraxApplicationTests    : Starting MoraxApplicationTests using Java 17.0.1 with PID 27952 (started by NamNT in C:\Users\NamNT\OneDrive\Desktop\Intern-NguyenThanhNam\Foocation\morax)
2023-12-03T16:29:55.520+07:00  INFO 27952 --- [    Test worker] c.example.morax.MoraxApplicationTests    : No active profile set, falling back to 1 default profile: "default"
2023-12-03T16:29:56.548+07:00  INFO 27952 --- [    Test worker] .s.d.r.c.RepositoryConfigurationDelegate : Bootstrapping Spring Data Reactive MongoDB repositories in DEFAULT mode.
2023-12-03T16:29:56.576+07:00  INFO 27952 --- [    Test worker] .s.d.r.c.RepositoryConfigurationDelegate : Finished Spring Data repository scanning in 23 ms. Found 0 Reactive MongoDB repository interfaces.
2023-12-03T16:29:56.582+07:00  INFO 27952 --- [    Test worker] .s.d.r.c.RepositoryConfigurationDelegate : Bootstrapping Spring Data MongoDB repositories in DEFAULT mode.
2023-12-03T16:29:56.589+07:00  INFO 27952 --- [    Test worker] .s.d.r.c.RepositoryConfigurationDelegate : Finished Spring Data repository scanning in 6 ms. Found 0 MongoDB repository interfaces.
2023-12-03T16:29:57.182+07:00  INFO 27952 --- [1vw.mongodb.net] org.mongodb.driver.cluster               : Adding discovered server ac-kgniliy-shard-00-02.qdkp1vw.mongodb.net:27017 to client view of cluster
2023-12-03T16:29:57.200+07:00  INFO 27952 --- [    Test worker] org.mongodb.driver.client                : MongoClient with metadata {"driver": {"name": "mongo-java-driver|sync", "version": "4.9.1"}, "os": {"type": "Windows", "name": "Windows 10", "architecture": "amd64", "version": "10.0"}, "platform": "Java/Oracle Corporation/17.0.1+12-LTS-39"} created with settings MongoClientSettings{readPreference=primary, writeConcern=WriteConcern{w=null, wTimeout=null ms, journal=null}, retryWrites=true, retryReads=true, readConcern=ReadConcern{level=AVAILABLE}, credential=MongoCredential{mechanism=null, userName='ntn071000', source='admin', password=<hidden>, mechanismProperties=<hidden>}, streamFactoryFactory=null, commandListeners=[], codecRegistry=ProvidersCodecRegistry{codecProviders=[ValueCodecProvider{}, BsonValueCodecProvider{}, DBRefCodecProvider{}, DBObjectCodecProvider{}, DocumentCodecProvider{}, CollectionCodecProvider{}, IterableCodecProvider{}, MapCodecProvider{}, GeoJsonCodecProvider{}, GridFSFileCodecProvider{}, Jsr310CodecProvider{}, JsonObjectCodecProvider{}, BsonCodecProvider{}, EnumCodecProvider{}, com.mongodb.client.model.mql.ExpressionCodecProvider@1412682c, com.mongodb.Jep395RecordCodecProvider@53bb71e5]}, loggerSettings=LoggerSettings{maxDocumentLength=1000}, clusterSettings={hosts=[127.0.0.1:27017], srvHost=cluster0.qdkp1vw.mongodb.net, srvServiceName=mongodb, mode=MULTIPLE, requiredClusterType=REPLICA_SET, requiredReplicaSetName='atlas-qzffqa-shard-0', serverSelector='null', clusterListeners='[]', serverSelectionTimeout='30000 ms', localThreshold='30000 ms'}, socketSettings=SocketSettings{connectTimeoutMS=2000, readTimeoutMS=0, receiveBufferSize=0, sendBufferSize=0}, heartbeatSocketSettings=SocketSettings{connectTimeoutMS=2000, readTimeoutMS=2000, receiveBufferSize=0, sendBufferSize=0}, connectionPoolSettings=ConnectionPoolSettings{maxSize=100, minSize=5, maxWaitTimeMS=120000, maxConnectionLifeTimeMS=1800000, maxConnectionIdleTimeMS=0, maintenanceInitialDelayMS=0, maintenanceFrequencyMS=60000, connectionPoolListeners=[], maxConnecting=2}, serverSettings=ServerSettings{heartbeatFrequencyMS=10000, minHeartbeatFrequencyMS=500, serverListeners='[]', serverMonitorListeners='[]'}, sslSettings=SslSettings{enabled=true, invalidHostNameAllowed=false, context=null}, applicationName='null', compressorList=[], uuidRepresentation=UNSPECIFIED, serverApi=null, autoEncryptionSettings=null, contextProvider=null}
2023-12-03T16:29:57.204+07:00  INFO 27952 --- [1vw.mongodb.net] org.mongodb.driver.cluster               : Adding discovered server ac-kgniliy-shard-00-01.qdkp1vw.mongodb.net:27017 to client view of cluster
2023-12-03T16:29:57.205+07:00  INFO 27952 --- [1vw.mongodb.net] org.mongodb.driver.cluster               : Adding discovered server ac-kgniliy-shard-00-00.qdkp1vw.mongodb.net:27017 to client view of cluster
2023-12-03T16:29:57.611+07:00  INFO 27952 --- [    Test worker] org.mongodb.driver.client                : MongoClient with metadata {"driver": {"name": "mongo-java-driver|sync|spring-boot", "version": "4.9.1"}, "os": {"type": "Windows", "name": "Windows 10", "architecture": "amd64", "version": "10.0"}, "platform": "Java/Oracle Corporation/17.0.1+12-LTS-39"} created with settings MongoClientSettings{readPreference=primary, writeConcern=WriteConcern{w=majority, wTimeout=null ms, journal=null}, retryWrites=true, retryReads=true, readConcern=ReadConcern{level=null}, credential=MongoCredential{mechanism=null, userName='ntn071000', source='admin', password=<hidden>, mechanismProperties=<hidden>}, streamFactoryFactory=NettyStreamFactoryFactory{eventLoopGroup=io.netty.channel.nio.NioEventLoopGroup@3f3c5ecd, socketChannelClass=class io.netty.channel.socket.nio.NioSocketChannel, allocator=PooledByteBufAllocator(directByDefault: true), sslContext=null}, commandListeners=[], codecRegistry=ProvidersCodecRegistry{codecProviders=[ValueCodecProvider{}, BsonValueCodecProvider{}, DBRefCodecProvider{}, DBObjectCodecProvider{}, DocumentCodecProvider{}, CollectionCodecProvider{}, IterableCodecProvider{}, MapCodecProvider{}, GeoJsonCodecProvider{}, GridFSFileCodecProvider{}, Jsr310CodecProvider{}, JsonObjectCodecProvider{}, BsonCodecProvider{}, EnumCodecProvider{}, com.mongodb.client.model.mql.ExpressionCodecProvider@1412682c, com.mongodb.Jep395RecordCodecProvider@53bb71e5]}, loggerSettings=LoggerSettings{maxDocumentLength=1000}, clusterSettings={hosts=[127.0.0.1:27017], srvHost=cluster0.qdkp1vw.mongodb.net, srvServiceName=mongodb, mode=MULTIPLE, requiredClusterType=REPLICA_SET, requiredReplicaSetName='atlas-qzffqa-shard-0', serverSelector='null', clusterListeners='[]', serverSelectionTimeout='30000 ms', localThreshold='30000 ms'}, socketSettings=SocketSettings{connectTimeoutMS=10000, readTimeoutMS=0, receiveBufferSize=0, sendBufferSize=0}, heartbeatSocketSettings=SocketSettings{connectTimeoutMS=10000, readTimeoutMS=10000, receiveBufferSize=0, sendBufferSize=0}, connectionPoolSettings=ConnectionPoolSettings{maxSize=100, minSize=0, maxWaitTimeMS=120000, maxConnectionLifeTimeMS=0, maxConnectionIdleTimeMS=0, maintenanceInitialDelayMS=0, maintenanceFrequencyMS=60000, connectionPoolListeners=[], maxConnecting=2}, serverSettings=ServerSettings{heartbeatFrequencyMS=10000, minHeartbeatFrequencyMS=500, serverListeners='[]', serverMonitorListeners='[]'}, sslSettings=SslSettings{enabled=true, invalidHostNameAllowed=false, context=null}, applicationName='null', compressorList=[], uuidRepresentation=JAVA_LEGACY, serverApi=null, autoEncryptionSettings=null, contextProvider=null}
2023-12-03T16:29:57.615+07:00  INFO 27952 --- [1vw.mongodb.net] org.mongodb.driver.cluster               : Adding discovered server ac-kgniliy-shard-00-02.qdkp1vw.mongodb.net:27017 to client view of cluster
2023-12-03T16:29:57.616+07:00  INFO 27952 --- [1vw.mongodb.net] org.mongodb.driver.cluster               : Adding discovered server ac-kgniliy-shard-00-01.qdkp1vw.mongodb.net:27017 to client view of cluster
2023-12-03T16:29:57.617+07:00  INFO 27952 --- [1vw.mongodb.net] org.mongodb.driver.cluster               : Adding discovered server ac-kgniliy-shard-00-00.qdkp1vw.mongodb.net:27017 to client view of cluster
2023-12-03T16:29:57.633+07:00  INFO 27952 --- [ngodb.net:27017] org.mongodb.driver.cluster               : Monitor thread successfully connected to server with description ServerDescription{address=ac-kgniliy-shard-00-02.qdkp1vw.mongodb.net:27017, type=REPLICA_SET_SECONDARY, state=CONNECTED, ok=true, minWireVersion=0, maxWireVersion=17, maxDocumentSize=16777216, logicalSessionTimeoutMinutes=30, roundTripTimeNanos=247108400, setName='atlas-qzffqa-shard-0', canonicalAddress=ac-kgniliy-shard-00-02.qdkp1vw.mongodb.net:27017, hosts=[ac-kgniliy-shard-00-00.qdkp1vw.mongodb.net:27017, ac-kgniliy-shard-00-01.qdkp1vw.mongodb.net:27017, ac-kgniliy-shard-00-02.qdkp1vw.mongodb.net:27017], passives=[], arbiters=[], primary='ac-kgniliy-shard-00-01.qdkp1vw.mongodb.net:27017', tagSet=TagSet{[Tag{name='availabilityZone', value='ape1-az3'}, Tag{name='nodeType', value='ELECTABLE'}, Tag{name='provider', value='AWS'}, Tag{name='region', value='AP_EAST_1'}, Tag{name='workloadType', value='OPERATIONAL'}]}, electionId=null, setVersion=1, topologyVersion=TopologyVersion{processId=6568802a8f589b545dad5e55, counter=5}, lastWriteDate=Sun Dec 03 16:29:54 ICT 2023, lastUpdateTimeNanos=364079004605700}
2023-12-03T16:29:57.633+07:00  INFO 27952 --- [ngodb.net:27017] org.mongodb.driver.cluster               : Monitor thread successfully connected to server with description ServerDescription{address=ac-kgniliy-shard-00-01.qdkp1vw.mongodb.net:27017, type=REPLICA_SET_PRIMARY, state=CONNECTED, ok=true, minWireVersion=0, maxWireVersion=17, maxDocumentSize=16777216, logicalSessionTimeoutMinutes=30, roundTripTimeNanos=248182100, setName='atlas-qzffqa-shard-0', canonicalAddress=ac-kgniliy-shard-00-01.qdkp1vw.mongodb.net:27017, hosts=[ac-kgniliy-shard-00-00.qdkp1vw.mongodb.net:27017, ac-kgniliy-shard-00-01.qdkp1vw.mongodb.net:27017, ac-kgniliy-shard-00-02.qdkp1vw.mongodb.net:27017], passives=[], arbiters=[], primary='ac-kgniliy-shard-00-01.qdkp1vw.mongodb.net:27017', tagSet=TagSet{[Tag{name='availabilityZone', value='ape1-az2'}, Tag{name='nodeType', value='ELECTABLE'}, Tag{name='provider', value='AWS'}, Tag{name='region', value='AP_EAST_1'}, Tag{name='workloadType', value='OPERATIONAL'}]}, electionId=7fffffff0000000000000002, setVersion=1, topologyVersion=TopologyVersion{processId=65688017a529863766273c4e, counter=7}, lastWriteDate=Sun Dec 03 16:29:54 ICT 2023, lastUpdateTimeNanos=364079004370400}
2023-12-03T16:29:57.633+07:00  INFO 27952 --- [ngodb.net:27017] org.mongodb.driver.cluster               : Monitor thread successfully connected to server with description ServerDescription{address=ac-kgniliy-shard-00-00.qdkp1vw.mongodb.net:27017, type=REPLICA_SET_SECONDARY, state=CONNECTED, ok=true, minWireVersion=0, maxWireVersion=17, maxDocumentSize=16777216, logicalSessionTimeoutMinutes=30, roundTripTimeNanos=244255200, setName='atlas-qzffqa-shard-0', canonicalAddress=ac-kgniliy-shard-00-00.qdkp1vw.mongodb.net:27017, hosts=[ac-kgniliy-shard-00-00.qdkp1vw.mongodb.net:27017, ac-kgniliy-shard-00-01.qdkp1vw.mongodb.net:27017, ac-kgniliy-shard-00-02.qdkp1vw.mongodb.net:27017], passives=[], arbiters=[], primary='ac-kgniliy-shard-00-01.qdkp1vw.mongodb.net:27017', tagSet=TagSet{[Tag{name='availabilityZone', value='ape1-az1'}, Tag{name='nodeType', value='ELECTABLE'}, Tag{name='provider', value='AWS'}, Tag{name='region', value='AP_EAST_1'}, Tag{name='workloadType', value='OPERATIONAL'}]}, electionId=null, setVersion=1, topologyVersion=TopologyVersion{processId=6568805ac08630c5fac86358, counter=8}, lastWriteDate=Sun Dec 03 16:29:54 ICT 2023, lastUpdateTimeNanos=364079004481800}
2023-12-03T16:29:57.636+07:00  INFO 27952 --- [ngodb.net:27017] org.mongodb.driver.cluster               : Discovered replica set primary ac-kgniliy-shard-00-01.qdkp1vw.mongodb.net:27017 with max election id 7fffffff0000000000000002 and max set version 1
2023-12-03T16:29:58.029+07:00  INFO 27952 --- [ngodb.net:27017] org.mongodb.driver.cluster               : Monitor thread successfully connected to server with description ServerDescription{address=ac-kgniliy-shard-00-00.qdkp1vw.mongodb.net:27017, type=REPLICA_SET_SECONDARY, state=CONNECTED, ok=true, minWireVersion=0, maxWireVersion=17, maxDocumentSize=16777216, logicalSessionTimeoutMinutes=30, roundTripTimeNanos=157017200, setName='atlas-qzffqa-shard-0', canonicalAddress=ac-kgniliy-shard-00-00.qdkp1vw.mongodb.net:27017, hosts=[ac-kgniliy-shard-00-00.qdkp1vw.mongodb.net:27017, ac-kgniliy-shard-00-01.qdkp1vw.mongodb.net:27017, ac-kgniliy-shard-00-02.qdkp1vw.mongodb.net:27017], passives=[], arbiters=[], primary='ac-kgniliy-shard-00-01.qdkp1vw.mongodb.net:27017', tagSet=TagSet{[Tag{name='availabilityZone', value='ape1-az1'}, Tag{name='nodeType', value='ELECTABLE'}, Tag{name='provider', value='AWS'}, Tag{name='region', value='AP_EAST_1'}, Tag{name='workloadType', value='OPERATIONAL'}]}, electionId=null, setVersion=1, topologyVersion=TopologyVersion{processId=6568805ac08630c5fac86358, counter=8}, lastWriteDate=Sun Dec 03 16:29:54 ICT 2023, lastUpdateTimeNanos=364079410949600}
2023-12-03T16:29:58.035+07:00  INFO 27952 --- [ngodb.net:27017] org.mongodb.driver.cluster               : Monitor thread successfully connected to server with description ServerDescription{address=ac-kgniliy-shard-00-02.qdkp1vw.mongodb.net:27017, type=REPLICA_SET_SECONDARY, state=CONNECTED, ok=true, minWireVersion=0, maxWireVersion=17, maxDocumentSize=16777216, logicalSessionTimeoutMinutes=30, roundTripTimeNanos=162760500, setName='atlas-qzffqa-shard-0', canonicalAddress=ac-kgniliy-shard-00-02.qdkp1vw.mongodb.net:27017, hosts=[ac-kgniliy-shard-00-00.qdkp1vw.mongodb.net:27017, ac-kgniliy-shard-00-01.qdkp1vw.mongodb.net:27017, ac-kgniliy-shard-00-02.qdkp1vw.mongodb.net:27017], passives=[], arbiters=[], primary='ac-kgniliy-shard-00-01.qdkp1vw.mongodb.net:27017', tagSet=TagSet{[Tag{name='availabilityZone', value='ape1-az3'}, Tag{name='nodeType', value='ELECTABLE'}, Tag{name='provider', value='AWS'}, Tag{name='region', value='AP_EAST_1'}, Tag{name='workloadType', value='OPERATIONAL'}]}, electionId=null, setVersion=1, topologyVersion=TopologyVersion{processId=6568802a8f589b545dad5e55, counter=5}, lastWriteDate=Sun Dec 03 16:29:54 ICT 2023, lastUpdateTimeNanos=364079416694500}
2023-12-03T16:29:58.081+07:00  INFO 27952 --- [ngodb.net:27017] org.mongodb.driver.cluster               : Monitor thread successfully connected to server with description ServerDescription{address=ac-kgniliy-shard-00-01.qdkp1vw.mongodb.net:27017, type=REPLICA_SET_PRIMARY, state=CONNECTED, ok=true, minWireVersion=0, maxWireVersion=17, maxDocumentSize=16777216, logicalSessionTimeoutMinutes=30, roundTripTimeNanos=203358000, setName='atlas-qzffqa-shard-0', canonicalAddress=ac-kgniliy-shard-00-01.qdkp1vw.mongodb.net:27017, hosts=[ac-kgniliy-shard-00-00.qdkp1vw.mongodb.net:27017, ac-kgniliy-shard-00-01.qdkp1vw.mongodb.net:27017, ac-kgniliy-shard-00-02.qdkp1vw.mongodb.net:27017], passives=[], arbiters=[], primary='ac-kgniliy-shard-00-01.qdkp1vw.mongodb.net:27017', tagSet=TagSet{[Tag{name='availabilityZone', value='ape1-az2'}, Tag{name='nodeType', value='ELECTABLE'}, Tag{name='provider', value='AWS'}, Tag{name='region', value='AP_EAST_1'}, Tag{name='workloadType', value='OPERATIONAL'}]}, electionId=7fffffff0000000000000002, setVersion=1, topologyVersion=TopologyVersion{processId=65688017a529863766273c4e, counter=7}, lastWriteDate=Sun Dec 03 16:29:54 ICT 2023, lastUpdateTimeNanos=364079462806300}
2023-12-03T16:29:58.081+07:00  INFO 27952 --- [ngodb.net:27017] org.mongodb.driver.cluster               : Discovered replica set primary ac-kgniliy-shard-00-01.qdkp1vw.mongodb.net:27017 with max election id 7fffffff0000000000000002 and max set version 1
2023-12-03T16:29:58.188+07:00 TRACE 27952 --- [    Test worker] eGlobalAuthenticationAutowiredConfigurer : Eagerly initializing {securityConfig=com.example.morax.config.security.SecurityConfig$$SpringCGLIB$$0@3ec7eb5}
2023-12-03T16:29:58.296+07:00  INFO 27952 --- [    Test worker] o.s.s.web.DefaultSecurityFilterChain     : Will secure any request with [org.springframework.security.web.session.DisableEncodeUrlFilter@1d2d4d7a, org.springframework.security.web.context.request.async.WebAsyncManagerIntegrationFilter@5e020dd1, org.springframework.security.web.context.SecurityContextHolderFilter@1626bddf, org.springframework.security.web.header.HeaderWriterFilter@1dd443c1, org.springframework.security.web.authentication.logout.LogoutFilter@40b54762, com.example.morax.config.security.JwtAuthFilter@4bbc02ef, org.springframework.security.web.savedrequest.RequestCacheAwareFilter@7e691624, org.springframework.security.web.servletapi.SecurityContextHolderAwareRequestFilter@5b64f771, org.springframework.security.web.authentication.AnonymousAuthenticationFilter@f0c1ae1, org.springframework.security.web.access.ExceptionTranslationFilter@63d0e8d, org.springframework.security.web.access.intercept.AuthorizationFilter@6a552721]
2023-12-03T16:29:58.861+07:00  INFO 27952 --- [1vw.mongodb.net] org.mongodb.driver.cluster               : Adding discovered server ac-kgniliy-shard-00-02.qdkp1vw.mongodb.net:27017 to client view of cluster
2023-12-03T16:29:58.862+07:00  INFO 27952 --- [1vw.mongodb.net] org.mongodb.driver.cluster               : Adding discovered server ac-kgniliy-shard-00-01.qdkp1vw.mongodb.net:27017 to client view of cluster
2023-12-03T16:29:58.863+07:00  INFO 27952 --- [1vw.mongodb.net] org.mongodb.driver.cluster               : Adding discovered server ac-kgniliy-shard-00-00.qdkp1vw.mongodb.net:27017 to client view of cluster
2023-12-03T16:29:58.870+07:00  INFO 27952 --- [    Test worker] org.mongodb.driver.client                : MongoClient with metadata {"driver": {"name": "mongo-java-driver|reactive-streams|spring-boot", "version": "4.9.1"}, "os": {"type": "Windows", "name": "Windows 10", "architecture": "amd64", "version": "10.0"}, "platform": "Java/Oracle Corporation/17.0.1+12-LTS-39"} created with settings MongoClientSettings{readPreference=primary, writeConcern=WriteConcern{w=majority, wTimeout=null ms, journal=null}, retryWrites=true, retryReads=true, readConcern=ReadConcern{level=null}, credential=MongoCredential{mechanism=null, userName='ntn071000', source='admin', password=<hidden>, mechanismProperties=<hidden>}, streamFactoryFactory=NettyStreamFactoryFactory{eventLoopGroup=io.netty.channel.nio.NioEventLoopGroup@446a5aa5, socketChannelClass=class io.netty.channel.socket.nio.NioSocketChannel, allocator=PooledByteBufAllocator(directByDefault: true), sslContext=null}, commandListeners=[], codecRegistry=ProvidersCodecRegistry{codecProviders=[ValueCodecProvider{}, BsonValueCodecProvider{}, DBRefCodecProvider{}, DBObjectCodecProvider{}, DocumentCodecProvider{}, CollectionCodecProvider{}, IterableCodecProvider{}, MapCodecProvider{}, GeoJsonCodecProvider{}, GridFSFileCodecProvider{}, Jsr310CodecProvider{}, JsonObjectCodecProvider{}, BsonCodecProvider{}, EnumCodecProvider{}, com.mongodb.client.model.mql.ExpressionCodecProvider@1412682c, com.mongodb.Jep395RecordCodecProvider@53bb71e5]}, loggerSettings=LoggerSettings{maxDocumentLength=1000}, clusterSettings={hosts=[127.0.0.1:27017], srvHost=cluster0.qdkp1vw.mongodb.net, srvServiceName=mongodb, mode=MULTIPLE, requiredClusterType=REPLICA_SET, requiredReplicaSetName='atlas-qzffqa-shard-0', serverSelector='null', clusterListeners='[]', serverSelectionTimeout='30000 ms', localThreshold='30000 ms'}, socketSettings=SocketSettings{connectTimeoutMS=10000, readTimeoutMS=0, receiveBufferSize=0, sendBufferSize=0}, heartbeatSocketSettings=SocketSettings{connectTimeoutMS=10000, readTimeoutMS=10000, receiveBufferSize=0, sendBufferSize=0}, connectionPoolSettings=ConnectionPoolSettings{maxSize=100, minSize=0, maxWaitTimeMS=120000, maxConnectionLifeTimeMS=0, maxConnectionIdleTimeMS=0, maintenanceInitialDelayMS=0, maintenanceFrequencyMS=60000, connectionPoolListeners=[], maxConnecting=2}, serverSettings=ServerSettings{heartbeatFrequencyMS=10000, minHeartbeatFrequencyMS=500, serverListeners='[]', serverMonitorListeners='[]'}, sslSettings=SslSettings{enabled=true, invalidHostNameAllowed=false, context=null}, applicationName='null', compressorList=[], uuidRepresentation=JAVA_LEGACY, serverApi=null, autoEncryptionSettings=null, contextProvider=null}
2023-12-03T16:29:58.959+07:00  INFO 27952 --- [ngodb.net:27017] org.mongodb.driver.cluster               : Monitor thread successfully connected to server with description ServerDescription{address=ac-kgniliy-shard-00-01.qdkp1vw.mongodb.net:27017, type=REPLICA_SET_PRIMARY, state=CONNECTED, ok=true, minWireVersion=0, maxWireVersion=17, maxDocumentSize=16777216, logicalSessionTimeoutMinutes=30, roundTripTimeNanos=69738100, setName='atlas-qzffqa-shard-0', canonicalAddress=ac-kgniliy-shard-00-01.qdkp1vw.mongodb.net:27017, hosts=[ac-kgniliy-shard-00-00.qdkp1vw.mongodb.net:27017, ac-kgniliy-shard-00-01.qdkp1vw.mongodb.net:27017, ac-kgniliy-shard-00-02.qdkp1vw.mongodb.net:27017], passives=[], arbiters=[], primary='ac-kgniliy-shard-00-01.qdkp1vw.mongodb.net:27017', tagSet=TagSet{[Tag{name='availabilityZone', value='ape1-az2'}, Tag{name='nodeType', value='ELECTABLE'}, Tag{name='provider', value='AWS'}, Tag{name='region', value='AP_EAST_1'}, Tag{name='workloadType', value='OPERATIONAL'}]}, electionId=7fffffff0000000000000002, setVersion=1, topologyVersion=TopologyVersion{processId=65688017a529863766273c4e, counter=7}, lastWriteDate=Sun Dec 03 16:29:54 ICT 2023, lastUpdateTimeNanos=364080340862600}
2023-12-03T16:29:58.960+07:00  INFO 27952 --- [ngodb.net:27017] org.mongodb.driver.cluster               : Discovered replica set primary ac-kgniliy-shard-00-01.qdkp1vw.mongodb.net:27017 with max election id 7fffffff0000000000000002 and max set version 1
2023-12-03T16:29:58.962+07:00  INFO 27952 --- [ngodb.net:27017] org.mongodb.driver.cluster               : Monitor thread successfully connected to server with description ServerDescription{address=ac-kgniliy-shard-00-00.qdkp1vw.mongodb.net:27017, type=REPLICA_SET_SECONDARY, state=CONNECTED, ok=true, minWireVersion=0, maxWireVersion=17, maxDocumentSize=16777216, logicalSessionTimeoutMinutes=30, roundTripTimeNanos=69424300, setName='atlas-qzffqa-shard-0', canonicalAddress=ac-kgniliy-shard-00-00.qdkp1vw.mongodb.net:27017, hosts=[ac-kgniliy-shard-00-00.qdkp1vw.mongodb.net:27017, ac-kgniliy-shard-00-01.qdkp1vw.mongodb.net:27017, ac-kgniliy-shard-00-02.qdkp1vw.mongodb.net:27017], passives=[], arbiters=[], primary='ac-kgniliy-shard-00-01.qdkp1vw.mongodb.net:27017', tagSet=TagSet{[Tag{name='availabilityZone', value='ape1-az1'}, Tag{name='nodeType', value='ELECTABLE'}, Tag{name='provider', value='AWS'}, Tag{name='region', value='AP_EAST_1'}, Tag{name='workloadType', value='OPERATIONAL'}]}, electionId=null, setVersion=1, topologyVersion=TopologyVersion{processId=6568805ac08630c5fac86358, counter=8}, lastWriteDate=Sun Dec 03 16:29:54 ICT 2023, lastUpdateTimeNanos=364080343999100}
2023-12-03T16:29:59.008+07:00  INFO 27952 --- [ngodb.net:27017] org.mongodb.driver.cluster               : Monitor thread successfully connected to server with description ServerDescription{address=ac-kgniliy-shard-00-02.qdkp1vw.mongodb.net:27017, type=REPLICA_SET_SECONDARY, state=CONNECTED, ok=true, minWireVersion=0, maxWireVersion=17, maxDocumentSize=16777216, logicalSessionTimeoutMinutes=30, roundTripTimeNanos=108351700, setName='atlas-qzffqa-shard-0', canonicalAddress=ac-kgniliy-shard-00-02.qdkp1vw.mongodb.net:27017, hosts=[ac-kgniliy-shard-00-00.qdkp1vw.mongodb.net:27017, ac-kgniliy-shard-00-01.qdkp1vw.mongodb.net:27017, ac-kgniliy-shard-00-02.qdkp1vw.mongodb.net:27017], passives=[], arbiters=[], primary='ac-kgniliy-shard-00-01.qdkp1vw.mongodb.net:27017', tagSet=TagSet{[Tag{name='availabilityZone', value='ape1-az3'}, Tag{name='nodeType', value='ELECTABLE'}, Tag{name='provider', value='AWS'}, Tag{name='region', value='AP_EAST_1'}, Tag{name='workloadType', value='OPERATIONAL'}]}, electionId=null, setVersion=1, topologyVersion=TopologyVersion{processId=6568802a8f589b545dad5e55, counter=5}, lastWriteDate=Sun Dec 03 16:29:54 ICT 2023, lastUpdateTimeNanos=364080390017400}
2023-12-03T16:29:59.122+07:00  INFO 27952 --- [    Test worker] c.example.morax.MoraxApplicationTests    : Started MoraxApplicationTests in 3.921 seconds (process running for 5.211)
]]></system-out>
  <system-err><![CDATA[]]></system-err>
</testsuite>
