<?xml version="1.0" encoding="UTF-8"?>
<testsuite name="com.example.morax.MoraxApplicationTests" tests="1" skipped="0" failures="0" errors="0" timestamp="2023-12-03T08:56:34" hostname="DESKTOP-1ACE9F0" time="0.83">
  <properties/>
  <testcase name="contextLoads()" classname="com.example.morax.MoraxApplicationTests" time="0.83"/>
  <system-out><![CDATA[15:56:29.759 [Test worker] INFO org.springframework.test.context.support.AnnotationConfigContextLoaderUtils -- Could not detect default configuration classes for test class [com.example.morax.MoraxApplicationTests]: MoraxApplicationTests does not declare any static, non-private, non-final, nested classes annotated with @Configuration.
15:56:29.898 [Test worker] INFO org.springframework.boot.test.context.SpringBootTestContextBootstrapper -- Found @SpringBootConfiguration com.example.morax.MoraxApplication for test class com.example.morax.MoraxApplicationTests
15:56:30.138 [Test worker] INFO org.springframework.boot.devtools.restart.RestartApplicationListener -- Restart disabled due to context in which it is running

  .   ____          _            __ _ _
 /\\ / ___'_ __ _ _(_)_ __  __ _ \ \ \ \
( ( )\___ | '_ | '_| | '_ \/ _` | \ \ \ \
 \\/  ___)| |_)| | | | | || (_| |  ) ) ) )
  '  |____| .__|_| |_|_| |_\__, | / / / /
 =========|_|==============|___/=/_/_/_/
 :: Spring Boot ::                (v3.1.4)

2023-12-03T15:56:30.494+07:00  INFO 25464 --- [    Test worker] c.example.morax.MoraxApplicationTests    : Starting MoraxApplicationTests using Java 17.0.1 with PID 25464 (started by NamNT in C:\Users\NamNT\OneDrive\Desktop\Intern-NguyenThanhNam\Foocation\morax)
2023-12-03T15:56:30.496+07:00  INFO 25464 --- [    Test worker] c.example.morax.MoraxApplicationTests    : No active profile set, falling back to 1 default profile: "default"
2023-12-03T15:56:31.646+07:00  INFO 25464 --- [    Test worker] .s.d.r.c.RepositoryConfigurationDelegate : Bootstrapping Spring Data Reactive MongoDB repositories in DEFAULT mode.
2023-12-03T15:56:31.676+07:00  INFO 25464 --- [    Test worker] .s.d.r.c.RepositoryConfigurationDelegate : Finished Spring Data repository scanning in 25 ms. Found 0 Reactive MongoDB repository interfaces.
2023-12-03T15:56:31.681+07:00  INFO 25464 --- [    Test worker] .s.d.r.c.RepositoryConfigurationDelegate : Bootstrapping Spring Data MongoDB repositories in DEFAULT mode.
2023-12-03T15:56:31.687+07:00  INFO 25464 --- [    Test worker] .s.d.r.c.RepositoryConfigurationDelegate : Finished Spring Data repository scanning in 5 ms. Found 0 MongoDB repository interfaces.
2023-12-03T15:56:32.246+07:00  INFO 25464 --- [1vw.mongodb.net] org.mongodb.driver.cluster               : Adding discovered server ac-kgniliy-shard-00-02.qdkp1vw.mongodb.net:27017 to client view of cluster
2023-12-03T15:56:32.265+07:00  INFO 25464 --- [    Test worker] org.mongodb.driver.client                : MongoClient with metadata {"driver": {"name": "mongo-java-driver|sync", "version": "4.9.1"}, "os": {"type": "Windows", "name": "Windows 10", "architecture": "amd64", "version": "10.0"}, "platform": "Java/Oracle Corporation/17.0.1+12-LTS-39"} created with settings MongoClientSettings{readPreference=primary, writeConcern=WriteConcern{w=null, wTimeout=null ms, journal=null}, retryWrites=true, retryReads=true, readConcern=ReadConcern{level=AVAILABLE}, credential=MongoCredential{mechanism=null, userName='ntn071000', source='admin', password=<hidden>, mechanismProperties=<hidden>}, streamFactoryFactory=null, commandListeners=[], codecRegistry=ProvidersCodecRegistry{codecProviders=[ValueCodecProvider{}, BsonValueCodecProvider{}, DBRefCodecProvider{}, DBObjectCodecProvider{}, DocumentCodecProvider{}, CollectionCodecProvider{}, IterableCodecProvider{}, MapCodecProvider{}, GeoJsonCodecProvider{}, GridFSFileCodecProvider{}, Jsr310CodecProvider{}, JsonObjectCodecProvider{}, BsonCodecProvider{}, EnumCodecProvider{}, com.mongodb.client.model.mql.ExpressionCodecProvider@3b3056a6, com.mongodb.Jep395RecordCodecProvider@6d4a05f7]}, loggerSettings=LoggerSettings{maxDocumentLength=1000}, clusterSettings={hosts=[127.0.0.1:27017], srvHost=cluster0.qdkp1vw.mongodb.net, srvServiceName=mongodb, mode=MULTIPLE, requiredClusterType=REPLICA_SET, requiredReplicaSetName='atlas-qzffqa-shard-0', serverSelector='null', clusterListeners='[]', serverSelectionTimeout='30000 ms', localThreshold='30000 ms'}, socketSettings=SocketSettings{connectTimeoutMS=10000, readTimeoutMS=0, receiveBufferSize=0, sendBufferSize=0}, heartbeatSocketSettings=SocketSettings{connectTimeoutMS=10000, readTimeoutMS=10000, receiveBufferSize=0, sendBufferSize=0}, connectionPoolSettings=ConnectionPoolSettings{maxSize=100, minSize=0, maxWaitTimeMS=120000, maxConnectionLifeTimeMS=0, maxConnectionIdleTimeMS=0, maintenanceInitialDelayMS=0, maintenanceFrequencyMS=60000, connectionPoolListeners=[], maxConnecting=2}, serverSettings=ServerSettings{heartbeatFrequencyMS=10000, minHeartbeatFrequencyMS=500, serverListeners='[]', serverMonitorListeners='[]'}, sslSettings=SslSettings{enabled=true, invalidHostNameAllowed=false, context=null}, applicationName='null', compressorList=[], uuidRepresentation=UNSPECIFIED, serverApi=null, autoEncryptionSettings=null, contextProvider=null}
2023-12-03T15:56:32.270+07:00  INFO 25464 --- [1vw.mongodb.net] org.mongodb.driver.cluster               : Adding discovered server ac-kgniliy-shard-00-01.qdkp1vw.mongodb.net:27017 to client view of cluster
2023-12-03T15:56:32.272+07:00  INFO 25464 --- [1vw.mongodb.net] org.mongodb.driver.cluster               : Adding discovered server ac-kgniliy-shard-00-00.qdkp1vw.mongodb.net:27017 to client view of cluster
2023-12-03T15:56:32.711+07:00  INFO 25464 --- [ngodb.net:27017] org.mongodb.driver.cluster               : Monitor thread successfully connected to server with description ServerDescription{address=ac-kgniliy-shard-00-00.qdkp1vw.mongodb.net:27017, type=REPLICA_SET_SECONDARY, state=CONNECTED, ok=true, minWireVersion=0, maxWireVersion=17, maxDocumentSize=16777216, logicalSessionTimeoutMinutes=30, roundTripTimeNanos=245074500, setName='atlas-qzffqa-shard-0', canonicalAddress=ac-kgniliy-shard-00-00.qdkp1vw.mongodb.net:27017, hosts=[ac-kgniliy-shard-00-00.qdkp1vw.mongodb.net:27017, ac-kgniliy-shard-00-01.qdkp1vw.mongodb.net:27017, ac-kgniliy-shard-00-02.qdkp1vw.mongodb.net:27017], passives=[], arbiters=[], primary='ac-kgniliy-shard-00-01.qdkp1vw.mongodb.net:27017', tagSet=TagSet{[Tag{name='availabilityZone', value='ape1-az1'}, Tag{name='nodeType', value='ELECTABLE'}, Tag{name='provider', value='AWS'}, Tag{name='region', value='AP_EAST_1'}, Tag{name='workloadType', value='OPERATIONAL'}]}, electionId=null, setVersion=1, topologyVersion=TopologyVersion{processId=6568805ac08630c5fac86358, counter=8}, lastWriteDate=Sun Dec 03 15:56:24 ICT 2023, lastUpdateTimeNanos=362074084784700}
2023-12-03T15:56:32.711+07:00  INFO 25464 --- [ngodb.net:27017] org.mongodb.driver.cluster               : Monitor thread successfully connected to server with description ServerDescription{address=ac-kgniliy-shard-00-01.qdkp1vw.mongodb.net:27017, type=REPLICA_SET_PRIMARY, state=CONNECTED, ok=true, minWireVersion=0, maxWireVersion=17, maxDocumentSize=16777216, logicalSessionTimeoutMinutes=30, roundTripTimeNanos=243224500, setName='atlas-qzffqa-shard-0', canonicalAddress=ac-kgniliy-shard-00-01.qdkp1vw.mongodb.net:27017, hosts=[ac-kgniliy-shard-00-00.qdkp1vw.mongodb.net:27017, ac-kgniliy-shard-00-01.qdkp1vw.mongodb.net:27017, ac-kgniliy-shard-00-02.qdkp1vw.mongodb.net:27017], passives=[], arbiters=[], primary='ac-kgniliy-shard-00-01.qdkp1vw.mongodb.net:27017', tagSet=TagSet{[Tag{name='availabilityZone', value='ape1-az2'}, Tag{name='nodeType', value='ELECTABLE'}, Tag{name='provider', value='AWS'}, Tag{name='region', value='AP_EAST_1'}, Tag{name='workloadType', value='OPERATIONAL'}]}, electionId=7fffffff0000000000000002, setVersion=1, topologyVersion=TopologyVersion{processId=65688017a529863766273c4e, counter=7}, lastWriteDate=Sun Dec 03 15:56:24 ICT 2023, lastUpdateTimeNanos=362074084782100}
2023-12-03T15:56:32.711+07:00  INFO 25464 --- [ngodb.net:27017] org.mongodb.driver.cluster               : Monitor thread successfully connected to server with description ServerDescription{address=ac-kgniliy-shard-00-02.qdkp1vw.mongodb.net:27017, type=REPLICA_SET_SECONDARY, state=CONNECTED, ok=true, minWireVersion=0, maxWireVersion=17, maxDocumentSize=16777216, logicalSessionTimeoutMinutes=30, roundTripTimeNanos=246808700, setName='atlas-qzffqa-shard-0', canonicalAddress=ac-kgniliy-shard-00-02.qdkp1vw.mongodb.net:27017, hosts=[ac-kgniliy-shard-00-00.qdkp1vw.mongodb.net:27017, ac-kgniliy-shard-00-01.qdkp1vw.mongodb.net:27017, ac-kgniliy-shard-00-02.qdkp1vw.mongodb.net:27017], passives=[], arbiters=[], primary='ac-kgniliy-shard-00-01.qdkp1vw.mongodb.net:27017', tagSet=TagSet{[Tag{name='availabilityZone', value='ape1-az3'}, Tag{name='nodeType', value='ELECTABLE'}, Tag{name='provider', value='AWS'}, Tag{name='region', value='AP_EAST_1'}, Tag{name='workloadType', value='OPERATIONAL'}]}, electionId=null, setVersion=1, topologyVersion=TopologyVersion{processId=6568802a8f589b545dad5e55, counter=5}, lastWriteDate=Sun Dec 03 15:56:24 ICT 2023, lastUpdateTimeNanos=362074084927400}
2023-12-03T15:56:32.711+07:00  INFO 25464 --- [    Test worker] org.mongodb.driver.client                : MongoClient with metadata {"driver": {"name": "mongo-java-driver|sync|spring-boot", "version": "4.9.1"}, "os": {"type": "Windows", "name": "Windows 10", "architecture": "amd64", "version": "10.0"}, "platform": "Java/Oracle Corporation/17.0.1+12-LTS-39"} created with settings MongoClientSettings{readPreference=primary, writeConcern=WriteConcern{w=majority, wTimeout=null ms, journal=null}, retryWrites=true, retryReads=true, readConcern=ReadConcern{level=null}, credential=MongoCredential{mechanism=null, userName='ntn071000', source='admin', password=<hidden>, mechanismProperties=<hidden>}, streamFactoryFactory=NettyStreamFactoryFactory{eventLoopGroup=io.netty.channel.nio.NioEventLoopGroup@1bec1589, socketChannelClass=class io.netty.channel.socket.nio.NioSocketChannel, allocator=PooledByteBufAllocator(directByDefault: true), sslContext=null}, commandListeners=[], codecRegistry=ProvidersCodecRegistry{codecProviders=[ValueCodecProvider{}, BsonValueCodecProvider{}, DBRefCodecProvider{}, DBObjectCodecProvider{}, DocumentCodecProvider{}, CollectionCodecProvider{}, IterableCodecProvider{}, MapCodecProvider{}, GeoJsonCodecProvider{}, GridFSFileCodecProvider{}, Jsr310CodecProvider{}, JsonObjectCodecProvider{}, BsonCodecProvider{}, EnumCodecProvider{}, com.mongodb.client.model.mql.ExpressionCodecProvider@3b3056a6, com.mongodb.Jep395RecordCodecProvider@6d4a05f7]}, loggerSettings=LoggerSettings{maxDocumentLength=1000}, clusterSettings={hosts=[127.0.0.1:27017], srvHost=cluster0.qdkp1vw.mongodb.net, srvServiceName=mongodb, mode=MULTIPLE, requiredClusterType=REPLICA_SET, requiredReplicaSetName='atlas-qzffqa-shard-0', serverSelector='null', clusterListeners='[]', serverSelectionTimeout='30000 ms', localThreshold='30000 ms'}, socketSettings=SocketSettings{connectTimeoutMS=10000, readTimeoutMS=0, receiveBufferSize=0, sendBufferSize=0}, heartbeatSocketSettings=SocketSettings{connectTimeoutMS=10000, readTimeoutMS=10000, receiveBufferSize=0, sendBufferSize=0}, connectionPoolSettings=ConnectionPoolSettings{maxSize=100, minSize=0, maxWaitTimeMS=120000, maxConnectionLifeTimeMS=0, maxConnectionIdleTimeMS=0, maintenanceInitialDelayMS=0, maintenanceFrequencyMS=60000, connectionPoolListeners=[], maxConnecting=2}, serverSettings=ServerSettings{heartbeatFrequencyMS=10000, minHeartbeatFrequencyMS=500, serverListeners='[]', serverMonitorListeners='[]'}, sslSettings=SslSettings{enabled=true, invalidHostNameAllowed=false, context=null}, applicationName='null', compressorList=[], uuidRepresentation=JAVA_LEGACY, serverApi=null, autoEncryptionSettings=null, contextProvider=null}
2023-12-03T15:56:32.716+07:00  INFO 25464 --- [1vw.mongodb.net] org.mongodb.driver.cluster               : Adding discovered server ac-kgniliy-shard-00-02.qdkp1vw.mongodb.net:27017 to client view of cluster
2023-12-03T15:56:32.716+07:00  INFO 25464 --- [ngodb.net:27017] org.mongodb.driver.cluster               : Discovered replica set primary ac-kgniliy-shard-00-01.qdkp1vw.mongodb.net:27017 with max election id 7fffffff0000000000000002 and max set version 1
2023-12-03T15:56:32.717+07:00  INFO 25464 --- [1vw.mongodb.net] org.mongodb.driver.cluster               : Adding discovered server ac-kgniliy-shard-00-01.qdkp1vw.mongodb.net:27017 to client view of cluster
2023-12-03T15:56:32.718+07:00  INFO 25464 --- [1vw.mongodb.net] org.mongodb.driver.cluster               : Adding discovered server ac-kgniliy-shard-00-00.qdkp1vw.mongodb.net:27017 to client view of cluster
2023-12-03T15:56:33.060+07:00  INFO 25464 --- [ngodb.net:27017] org.mongodb.driver.cluster               : Monitor thread successfully connected to server with description ServerDescription{address=ac-kgniliy-shard-00-00.qdkp1vw.mongodb.net:27017, type=REPLICA_SET_SECONDARY, state=CONNECTED, ok=true, minWireVersion=0, maxWireVersion=17, maxDocumentSize=16777216, logicalSessionTimeoutMinutes=30, roundTripTimeNanos=124714400, setName='atlas-qzffqa-shard-0', canonicalAddress=ac-kgniliy-shard-00-00.qdkp1vw.mongodb.net:27017, hosts=[ac-kgniliy-shard-00-00.qdkp1vw.mongodb.net:27017, ac-kgniliy-shard-00-01.qdkp1vw.mongodb.net:27017, ac-kgniliy-shard-00-02.qdkp1vw.mongodb.net:27017], passives=[], arbiters=[], primary='ac-kgniliy-shard-00-01.qdkp1vw.mongodb.net:27017', tagSet=TagSet{[Tag{name='availabilityZone', value='ape1-az1'}, Tag{name='nodeType', value='ELECTABLE'}, Tag{name='provider', value='AWS'}, Tag{name='region', value='AP_EAST_1'}, Tag{name='workloadType', value='OPERATIONAL'}]}, electionId=null, setVersion=1, topologyVersion=TopologyVersion{processId=6568805ac08630c5fac86358, counter=8}, lastWriteDate=Sun Dec 03 15:56:24 ICT 2023, lastUpdateTimeNanos=362074441611400}
2023-12-03T15:56:33.100+07:00  INFO 25464 --- [ngodb.net:27017] org.mongodb.driver.cluster               : Monitor thread successfully connected to server with description ServerDescription{address=ac-kgniliy-shard-00-01.qdkp1vw.mongodb.net:27017, type=REPLICA_SET_PRIMARY, state=CONNECTED, ok=true, minWireVersion=0, maxWireVersion=17, maxDocumentSize=16777216, logicalSessionTimeoutMinutes=30, roundTripTimeNanos=158044600, setName='atlas-qzffqa-shard-0', canonicalAddress=ac-kgniliy-shard-00-01.qdkp1vw.mongodb.net:27017, hosts=[ac-kgniliy-shard-00-00.qdkp1vw.mongodb.net:27017, ac-kgniliy-shard-00-01.qdkp1vw.mongodb.net:27017, ac-kgniliy-shard-00-02.qdkp1vw.mongodb.net:27017], passives=[], arbiters=[], primary='ac-kgniliy-shard-00-01.qdkp1vw.mongodb.net:27017', tagSet=TagSet{[Tag{name='availabilityZone', value='ape1-az2'}, Tag{name='nodeType', value='ELECTABLE'}, Tag{name='provider', value='AWS'}, Tag{name='region', value='AP_EAST_1'}, Tag{name='workloadType', value='OPERATIONAL'}]}, electionId=7fffffff0000000000000002, setVersion=1, topologyVersion=TopologyVersion{processId=65688017a529863766273c4e, counter=7}, lastWriteDate=Sun Dec 03 15:56:24 ICT 2023, lastUpdateTimeNanos=362074481933600}
2023-12-03T15:56:33.100+07:00  INFO 25464 --- [ngodb.net:27017] org.mongodb.driver.cluster               : Monitor thread successfully connected to server with description ServerDescription{address=ac-kgniliy-shard-00-02.qdkp1vw.mongodb.net:27017, type=REPLICA_SET_SECONDARY, state=CONNECTED, ok=true, minWireVersion=0, maxWireVersion=17, maxDocumentSize=16777216, logicalSessionTimeoutMinutes=30, roundTripTimeNanos=165011600, setName='atlas-qzffqa-shard-0', canonicalAddress=ac-kgniliy-shard-00-02.qdkp1vw.mongodb.net:27017, hosts=[ac-kgniliy-shard-00-00.qdkp1vw.mongodb.net:27017, ac-kgniliy-shard-00-01.qdkp1vw.mongodb.net:27017, ac-kgniliy-shard-00-02.qdkp1vw.mongodb.net:27017], passives=[], arbiters=[], primary='ac-kgniliy-shard-00-01.qdkp1vw.mongodb.net:27017', tagSet=TagSet{[Tag{name='availabilityZone', value='ape1-az3'}, Tag{name='nodeType', value='ELECTABLE'}, Tag{name='provider', value='AWS'}, Tag{name='region', value='AP_EAST_1'}, Tag{name='workloadType', value='OPERATIONAL'}]}, electionId=null, setVersion=1, topologyVersion=TopologyVersion{processId=6568802a8f589b545dad5e55, counter=5}, lastWriteDate=Sun Dec 03 15:56:24 ICT 2023, lastUpdateTimeNanos=362074481931700}
2023-12-03T15:56:33.101+07:00  INFO 25464 --- [ngodb.net:27017] org.mongodb.driver.cluster               : Discovered replica set primary ac-kgniliy-shard-00-01.qdkp1vw.mongodb.net:27017 with max election id 7fffffff0000000000000002 and max set version 1
2023-12-03T15:56:33.218+07:00 TRACE 25464 --- [    Test worker] eGlobalAuthenticationAutowiredConfigurer : Eagerly initializing {securityConfig=com.example.morax.config.security.SecurityConfig$$SpringCGLIB$$0@2cdb5974}
2023-12-03T15:56:33.324+07:00  INFO 25464 --- [    Test worker] o.s.s.web.DefaultSecurityFilterChain     : Will secure any request with [org.springframework.security.web.session.DisableEncodeUrlFilter@2bc59ab7, org.springframework.security.web.context.request.async.WebAsyncManagerIntegrationFilter@410f53b2, org.springframework.security.web.context.SecurityContextHolderFilter@731e0bff, org.springframework.security.web.header.HeaderWriterFilter@41026e5c, org.springframework.security.web.authentication.logout.LogoutFilter@39ae6408, com.example.morax.config.security.JwtAuthFilter@265287ec, org.springframework.security.web.savedrequest.RequestCacheAwareFilter@23c72128, org.springframework.security.web.servletapi.SecurityContextHolderAwareRequestFilter@74e4be21, org.springframework.security.web.authentication.AnonymousAuthenticationFilter@7507d96c, org.springframework.security.web.access.ExceptionTranslationFilter@549d14fe, org.springframework.security.web.access.intercept.AuthorizationFilter@6d80e411]
2023-12-03T15:56:33.888+07:00  INFO 25464 --- [1vw.mongodb.net] org.mongodb.driver.cluster               : Adding discovered server ac-kgniliy-shard-00-02.qdkp1vw.mongodb.net:27017 to client view of cluster
2023-12-03T15:56:33.890+07:00  INFO 25464 --- [1vw.mongodb.net] org.mongodb.driver.cluster               : Adding discovered server ac-kgniliy-shard-00-01.qdkp1vw.mongodb.net:27017 to client view of cluster
2023-12-03T15:56:33.891+07:00  INFO 25464 --- [1vw.mongodb.net] org.mongodb.driver.cluster               : Adding discovered server ac-kgniliy-shard-00-00.qdkp1vw.mongodb.net:27017 to client view of cluster
2023-12-03T15:56:33.898+07:00  INFO 25464 --- [    Test worker] org.mongodb.driver.client                : MongoClient with metadata {"driver": {"name": "mongo-java-driver|reactive-streams|spring-boot", "version": "4.9.1"}, "os": {"type": "Windows", "name": "Windows 10", "architecture": "amd64", "version": "10.0"}, "platform": "Java/Oracle Corporation/17.0.1+12-LTS-39"} created with settings MongoClientSettings{readPreference=primary, writeConcern=WriteConcern{w=majority, wTimeout=null ms, journal=null}, retryWrites=true, retryReads=true, readConcern=ReadConcern{level=null}, credential=MongoCredential{mechanism=null, userName='ntn071000', source='admin', password=<hidden>, mechanismProperties=<hidden>}, streamFactoryFactory=NettyStreamFactoryFactory{eventLoopGroup=io.netty.channel.nio.NioEventLoopGroup@6bf28f61, socketChannelClass=class io.netty.channel.socket.nio.NioSocketChannel, allocator=PooledByteBufAllocator(directByDefault: true), sslContext=null}, commandListeners=[], codecRegistry=ProvidersCodecRegistry{codecProviders=[ValueCodecProvider{}, BsonValueCodecProvider{}, DBRefCodecProvider{}, DBObjectCodecProvider{}, DocumentCodecProvider{}, CollectionCodecProvider{}, IterableCodecProvider{}, MapCodecProvider{}, GeoJsonCodecProvider{}, GridFSFileCodecProvider{}, Jsr310CodecProvider{}, JsonObjectCodecProvider{}, BsonCodecProvider{}, EnumCodecProvider{}, com.mongodb.client.model.mql.ExpressionCodecProvider@3b3056a6, com.mongodb.Jep395RecordCodecProvider@6d4a05f7]}, loggerSettings=LoggerSettings{maxDocumentLength=1000}, clusterSettings={hosts=[127.0.0.1:27017], srvHost=cluster0.qdkp1vw.mongodb.net, srvServiceName=mongodb, mode=MULTIPLE, requiredClusterType=REPLICA_SET, requiredReplicaSetName='atlas-qzffqa-shard-0', serverSelector='null', clusterListeners='[]', serverSelectionTimeout='30000 ms', localThreshold='30000 ms'}, socketSettings=SocketSettings{connectTimeoutMS=10000, readTimeoutMS=0, receiveBufferSize=0, sendBufferSize=0}, heartbeatSocketSettings=SocketSettings{connectTimeoutMS=10000, readTimeoutMS=10000, receiveBufferSize=0, sendBufferSize=0}, connectionPoolSettings=ConnectionPoolSettings{maxSize=100, minSize=0, maxWaitTimeMS=120000, maxConnectionLifeTimeMS=0, maxConnectionIdleTimeMS=0, maintenanceInitialDelayMS=0, maintenanceFrequencyMS=60000, connectionPoolListeners=[], maxConnecting=2}, serverSettings=ServerSettings{heartbeatFrequencyMS=10000, minHeartbeatFrequencyMS=500, serverListeners='[]', serverMonitorListeners='[]'}, sslSettings=SslSettings{enabled=true, invalidHostNameAllowed=false, context=null}, applicationName='null', compressorList=[], uuidRepresentation=JAVA_LEGACY, serverApi=null, autoEncryptionSettings=null, contextProvider=null}
2023-12-03T15:56:33.997+07:00  INFO 25464 --- [ngodb.net:27017] org.mongodb.driver.cluster               : Monitor thread successfully connected to server with description ServerDescription{address=ac-kgniliy-shard-00-01.qdkp1vw.mongodb.net:27017, type=REPLICA_SET_PRIMARY, state=CONNECTED, ok=true, minWireVersion=0, maxWireVersion=17, maxDocumentSize=16777216, logicalSessionTimeoutMinutes=30, roundTripTimeNanos=78258600, setName='atlas-qzffqa-shard-0', canonicalAddress=ac-kgniliy-shard-00-01.qdkp1vw.mongodb.net:27017, hosts=[ac-kgniliy-shard-00-00.qdkp1vw.mongodb.net:27017, ac-kgniliy-shard-00-01.qdkp1vw.mongodb.net:27017, ac-kgniliy-shard-00-02.qdkp1vw.mongodb.net:27017], passives=[], arbiters=[], primary='ac-kgniliy-shard-00-01.qdkp1vw.mongodb.net:27017', tagSet=TagSet{[Tag{name='availabilityZone', value='ape1-az2'}, Tag{name='nodeType', value='ELECTABLE'}, Tag{name='provider', value='AWS'}, Tag{name='region', value='AP_EAST_1'}, Tag{name='workloadType', value='OPERATIONAL'}]}, electionId=7fffffff0000000000000002, setVersion=1, topologyVersion=TopologyVersion{processId=65688017a529863766273c4e, counter=7}, lastWriteDate=Sun Dec 03 15:56:24 ICT 2023, lastUpdateTimeNanos=362075378576200}
2023-12-03T15:56:33.997+07:00  INFO 25464 --- [ngodb.net:27017] org.mongodb.driver.cluster               : Monitor thread successfully connected to server with description ServerDescription{address=ac-kgniliy-shard-00-02.qdkp1vw.mongodb.net:27017, type=REPLICA_SET_SECONDARY, state=CONNECTED, ok=true, minWireVersion=0, maxWireVersion=17, maxDocumentSize=16777216, logicalSessionTimeoutMinutes=30, roundTripTimeNanos=81338700, setName='atlas-qzffqa-shard-0', canonicalAddress=ac-kgniliy-shard-00-02.qdkp1vw.mongodb.net:27017, hosts=[ac-kgniliy-shard-00-00.qdkp1vw.mongodb.net:27017, ac-kgniliy-shard-00-01.qdkp1vw.mongodb.net:27017, ac-kgniliy-shard-00-02.qdkp1vw.mongodb.net:27017], passives=[], arbiters=[], primary='ac-kgniliy-shard-00-01.qdkp1vw.mongodb.net:27017', tagSet=TagSet{[Tag{name='availabilityZone', value='ape1-az3'}, Tag{name='nodeType', value='ELECTABLE'}, Tag{name='provider', value='AWS'}, Tag{name='region', value='AP_EAST_1'}, Tag{name='workloadType', value='OPERATIONAL'}]}, electionId=null, setVersion=1, topologyVersion=TopologyVersion{processId=6568802a8f589b545dad5e55, counter=5}, lastWriteDate=Sun Dec 03 15:56:24 ICT 2023, lastUpdateTimeNanos=362075378793600}
2023-12-03T15:56:33.997+07:00  INFO 25464 --- [ngodb.net:27017] org.mongodb.driver.cluster               : Discovered replica set primary ac-kgniliy-shard-00-01.qdkp1vw.mongodb.net:27017 with max election id 7fffffff0000000000000002 and max set version 1
2023-12-03T15:56:34.043+07:00  INFO 25464 --- [ngodb.net:27017] org.mongodb.driver.cluster               : Monitor thread successfully connected to server with description ServerDescription{address=ac-kgniliy-shard-00-00.qdkp1vw.mongodb.net:27017, type=REPLICA_SET_SECONDARY, state=CONNECTED, ok=true, minWireVersion=0, maxWireVersion=17, maxDocumentSize=16777216, logicalSessionTimeoutMinutes=30, roundTripTimeNanos=106928400, setName='atlas-qzffqa-shard-0', canonicalAddress=ac-kgniliy-shard-00-00.qdkp1vw.mongodb.net:27017, hosts=[ac-kgniliy-shard-00-00.qdkp1vw.mongodb.net:27017, ac-kgniliy-shard-00-01.qdkp1vw.mongodb.net:27017, ac-kgniliy-shard-00-02.qdkp1vw.mongodb.net:27017], passives=[], arbiters=[], primary='ac-kgniliy-shard-00-01.qdkp1vw.mongodb.net:27017', tagSet=TagSet{[Tag{name='availabilityZone', value='ape1-az1'}, Tag{name='nodeType', value='ELECTABLE'}, Tag{name='provider', value='AWS'}, Tag{name='region', value='AP_EAST_1'}, Tag{name='workloadType', value='OPERATIONAL'}]}, electionId=null, setVersion=1, topologyVersion=TopologyVersion{processId=6568805ac08630c5fac86358, counter=8}, lastWriteDate=Sun Dec 03 15:56:24 ICT 2023, lastUpdateTimeNanos=362075424561000}
2023-12-03T15:56:34.162+07:00  INFO 25464 --- [    Test worker] c.example.morax.MoraxApplicationTests    : Started MoraxApplicationTests in 4.044 seconds (process running for 5.346)
]]></system-out>
  <system-err><![CDATA[]]></system-err>
</testsuite>
