<?xml version="1.0" encoding="UTF-8"?>
<testsuite name="com.example.morax.MoraxApplicationTests" tests="1" skipped="0" failures="0" errors="0" timestamp="2023-12-03T08:29:14" hostname="DESKTOP-1ACE9F0" time="0.775">
  <properties/>
  <testcase name="contextLoads()" classname="com.example.morax.MoraxApplicationTests" time="0.775"/>
  <system-out><![CDATA[15:29:10.084 [Test worker] INFO org.springframework.test.context.support.AnnotationConfigContextLoaderUtils -- Could not detect default configuration classes for test class [com.example.morax.MoraxApplicationTests]: MoraxApplicationTests does not declare any static, non-private, non-final, nested classes annotated with @Configuration.
15:29:10.194 [Test worker] INFO org.springframework.boot.test.context.SpringBootTestContextBootstrapper -- Found @SpringBootConfiguration com.example.morax.MoraxApplication for test class com.example.morax.MoraxApplicationTests
15:29:10.353 [Test worker] INFO org.springframework.boot.devtools.restart.RestartApplicationListener -- Restart disabled due to context in which it is running

  .   ____          _            __ _ _
 /\\ / ___'_ __ _ _(_)_ __  __ _ \ \ \ \
( ( )\___ | '_ | '_| | '_ \/ _` | \ \ \ \
 \\/  ___)| |_)| | | | | || (_| |  ) ) ) )
  '  |____| .__|_| |_|_| |_\__, | / / / /
 =========|_|==============|___/=/_/_/_/
 :: Spring Boot ::                (v3.1.4)

2023-12-03T15:29:10.653+07:00  INFO 20500 --- [    Test worker] c.example.morax.MoraxApplicationTests    : Starting MoraxApplicationTests using Java 17.0.1 with PID 20500 (started by NamNT in C:\Users\NamNT\OneDrive\Desktop\Intern-NguyenThanhNam\Foocation\morax)
2023-12-03T15:29:10.655+07:00  INFO 20500 --- [    Test worker] c.example.morax.MoraxApplicationTests    : No active profile set, falling back to 1 default profile: "default"
2023-12-03T15:29:11.675+07:00  INFO 20500 --- [    Test worker] .s.d.r.c.RepositoryConfigurationDelegate : Bootstrapping Spring Data Reactive MongoDB repositories in DEFAULT mode.
2023-12-03T15:29:11.704+07:00  INFO 20500 --- [    Test worker] .s.d.r.c.RepositoryConfigurationDelegate : Finished Spring Data repository scanning in 25 ms. Found 0 Reactive MongoDB repository interfaces.
2023-12-03T15:29:11.710+07:00  INFO 20500 --- [    Test worker] .s.d.r.c.RepositoryConfigurationDelegate : Bootstrapping Spring Data MongoDB repositories in DEFAULT mode.
2023-12-03T15:29:11.718+07:00  INFO 20500 --- [    Test worker] .s.d.r.c.RepositoryConfigurationDelegate : Finished Spring Data repository scanning in 7 ms. Found 0 MongoDB repository interfaces.
2023-12-03T15:29:12.437+07:00  INFO 20500 --- [    Test worker] org.mongodb.driver.client                : MongoClient with metadata {"driver": {"name": "mongo-java-driver|sync", "version": "4.9.1"}, "os": {"type": "Windows", "name": "Windows 10", "architecture": "amd64", "version": "10.0"}, "platform": "Java/Oracle Corporation/17.0.1+12-LTS-39"} created with settings MongoClientSettings{readPreference=primary, writeConcern=WriteConcern{w=null, wTimeout=null ms, journal=null}, retryWrites=true, retryReads=true, readConcern=ReadConcern{level=AVAILABLE}, credential=MongoCredential{mechanism=null, userName='ntn071000', source='admin', password=<hidden>, mechanismProperties=<hidden>}, streamFactoryFactory=null, commandListeners=[], codecRegistry=ProvidersCodecRegistry{codecProviders=[ValueCodecProvider{}, BsonValueCodecProvider{}, DBRefCodecProvider{}, DBObjectCodecProvider{}, DocumentCodecProvider{}, CollectionCodecProvider{}, IterableCodecProvider{}, MapCodecProvider{}, GeoJsonCodecProvider{}, GridFSFileCodecProvider{}, Jsr310CodecProvider{}, JsonObjectCodecProvider{}, BsonCodecProvider{}, EnumCodecProvider{}, com.mongodb.client.model.mql.ExpressionCodecProvider@647fb583, com.mongodb.Jep395RecordCodecProvider@7cd3e0da]}, loggerSettings=LoggerSettings{maxDocumentLength=1000}, clusterSettings={hosts=[127.0.0.1:27017], srvHost=cluster0.qdkp1vw.mongodb.net, srvServiceName=mongodb, mode=MULTIPLE, requiredClusterType=REPLICA_SET, requiredReplicaSetName='atlas-qzffqa-shard-0', serverSelector='null', clusterListeners='[]', serverSelectionTimeout='30000 ms', localThreshold='30000 ms'}, socketSettings=SocketSettings{connectTimeoutMS=10000, readTimeoutMS=0, receiveBufferSize=0, sendBufferSize=0}, heartbeatSocketSettings=SocketSettings{connectTimeoutMS=10000, readTimeoutMS=10000, receiveBufferSize=0, sendBufferSize=0}, connectionPoolSettings=ConnectionPoolSettings{maxSize=100, minSize=0, maxWaitTimeMS=120000, maxConnectionLifeTimeMS=0, maxConnectionIdleTimeMS=0, maintenanceInitialDelayMS=0, maintenanceFrequencyMS=60000, connectionPoolListeners=[], maxConnecting=2}, serverSettings=ServerSettings{heartbeatFrequencyMS=10000, minHeartbeatFrequencyMS=500, serverListeners='[]', serverMonitorListeners='[]'}, sslSettings=SslSettings{enabled=true, invalidHostNameAllowed=false, context=null}, applicationName='null', compressorList=[], uuidRepresentation=UNSPECIFIED, serverApi=null, autoEncryptionSettings=null, contextProvider=null}
2023-12-03T15:29:12.452+07:00  INFO 20500 --- [1vw.mongodb.net] org.mongodb.driver.cluster               : Adding discovered server ac-kgniliy-shard-00-02.qdkp1vw.mongodb.net:27017 to client view of cluster
2023-12-03T15:29:12.476+07:00  INFO 20500 --- [1vw.mongodb.net] org.mongodb.driver.cluster               : Adding discovered server ac-kgniliy-shard-00-01.qdkp1vw.mongodb.net:27017 to client view of cluster
2023-12-03T15:29:12.477+07:00  INFO 20500 --- [1vw.mongodb.net] org.mongodb.driver.cluster               : Adding discovered server ac-kgniliy-shard-00-00.qdkp1vw.mongodb.net:27017 to client view of cluster
2023-12-03T15:29:12.851+07:00  INFO 20500 --- [    Test worker] org.mongodb.driver.client                : MongoClient with metadata {"driver": {"name": "mongo-java-driver|sync|spring-boot", "version": "4.9.1"}, "os": {"type": "Windows", "name": "Windows 10", "architecture": "amd64", "version": "10.0"}, "platform": "Java/Oracle Corporation/17.0.1+12-LTS-39"} created with settings MongoClientSettings{readPreference=primary, writeConcern=WriteConcern{w=majority, wTimeout=null ms, journal=null}, retryWrites=true, retryReads=true, readConcern=ReadConcern{level=null}, credential=MongoCredential{mechanism=null, userName='ntn071000', source='admin', password=<hidden>, mechanismProperties=<hidden>}, streamFactoryFactory=NettyStreamFactoryFactory{eventLoopGroup=io.netty.channel.nio.NioEventLoopGroup@645ba24a, socketChannelClass=class io.netty.channel.socket.nio.NioSocketChannel, allocator=PooledByteBufAllocator(directByDefault: true), sslContext=null}, commandListeners=[], codecRegistry=ProvidersCodecRegistry{codecProviders=[ValueCodecProvider{}, BsonValueCodecProvider{}, DBRefCodecProvider{}, DBObjectCodecProvider{}, DocumentCodecProvider{}, CollectionCodecProvider{}, IterableCodecProvider{}, MapCodecProvider{}, GeoJsonCodecProvider{}, GridFSFileCodecProvider{}, Jsr310CodecProvider{}, JsonObjectCodecProvider{}, BsonCodecProvider{}, EnumCodecProvider{}, com.mongodb.client.model.mql.ExpressionCodecProvider@647fb583, com.mongodb.Jep395RecordCodecProvider@7cd3e0da]}, loggerSettings=LoggerSettings{maxDocumentLength=1000}, clusterSettings={hosts=[127.0.0.1:27017], srvHost=cluster0.qdkp1vw.mongodb.net, srvServiceName=mongodb, mode=MULTIPLE, requiredClusterType=REPLICA_SET, requiredReplicaSetName='atlas-qzffqa-shard-0', serverSelector='null', clusterListeners='[]', serverSelectionTimeout='30000 ms', localThreshold='30000 ms'}, socketSettings=SocketSettings{connectTimeoutMS=10000, readTimeoutMS=0, receiveBufferSize=0, sendBufferSize=0}, heartbeatSocketSettings=SocketSettings{connectTimeoutMS=10000, readTimeoutMS=10000, receiveBufferSize=0, sendBufferSize=0}, connectionPoolSettings=ConnectionPoolSettings{maxSize=100, minSize=0, maxWaitTimeMS=120000, maxConnectionLifeTimeMS=0, maxConnectionIdleTimeMS=0, maintenanceInitialDelayMS=0, maintenanceFrequencyMS=60000, connectionPoolListeners=[], maxConnecting=2}, serverSettings=ServerSettings{heartbeatFrequencyMS=10000, minHeartbeatFrequencyMS=500, serverListeners='[]', serverMonitorListeners='[]'}, sslSettings=SslSettings{enabled=true, invalidHostNameAllowed=false, context=null}, applicationName='null', compressorList=[], uuidRepresentation=JAVA_LEGACY, serverApi=null, autoEncryptionSettings=null, contextProvider=null}
2023-12-03T15:29:12.855+07:00  INFO 20500 --- [1vw.mongodb.net] org.mongodb.driver.cluster               : Adding discovered server ac-kgniliy-shard-00-02.qdkp1vw.mongodb.net:27017 to client view of cluster
2023-12-03T15:29:12.856+07:00  INFO 20500 --- [1vw.mongodb.net] org.mongodb.driver.cluster               : Adding discovered server ac-kgniliy-shard-00-01.qdkp1vw.mongodb.net:27017 to client view of cluster
2023-12-03T15:29:12.857+07:00  INFO 20500 --- [1vw.mongodb.net] org.mongodb.driver.cluster               : Adding discovered server ac-kgniliy-shard-00-00.qdkp1vw.mongodb.net:27017 to client view of cluster
2023-12-03T15:29:13.018+07:00  INFO 20500 --- [ngodb.net:27017] org.mongodb.driver.cluster               : Monitor thread successfully connected to server with description ServerDescription{address=ac-kgniliy-shard-00-02.qdkp1vw.mongodb.net:27017, type=REPLICA_SET_SECONDARY, state=CONNECTED, ok=true, minWireVersion=0, maxWireVersion=17, maxDocumentSize=16777216, logicalSessionTimeoutMinutes=30, roundTripTimeNanos=259746000, setName='atlas-qzffqa-shard-0', canonicalAddress=ac-kgniliy-shard-00-02.qdkp1vw.mongodb.net:27017, hosts=[ac-kgniliy-shard-00-00.qdkp1vw.mongodb.net:27017, ac-kgniliy-shard-00-01.qdkp1vw.mongodb.net:27017, ac-kgniliy-shard-00-02.qdkp1vw.mongodb.net:27017], passives=[], arbiters=[], primary='ac-kgniliy-shard-00-01.qdkp1vw.mongodb.net:27017', tagSet=TagSet{[Tag{name='availabilityZone', value='ape1-az3'}, Tag{name='nodeType', value='ELECTABLE'}, Tag{name='provider', value='AWS'}, Tag{name='region', value='AP_EAST_1'}, Tag{name='workloadType', value='OPERATIONAL'}]}, electionId=null, setVersion=1, topologyVersion=TopologyVersion{processId=6568802a8f589b545dad5e55, counter=5}, lastWriteDate=Sun Dec 03 15:29:12 ICT 2023, lastUpdateTimeNanos=360434391874000}
2023-12-03T15:29:13.018+07:00  INFO 20500 --- [ngodb.net:27017] org.mongodb.driver.cluster               : Monitor thread successfully connected to server with description ServerDescription{address=ac-kgniliy-shard-00-00.qdkp1vw.mongodb.net:27017, type=REPLICA_SET_SECONDARY, state=CONNECTED, ok=true, minWireVersion=0, maxWireVersion=17, maxDocumentSize=16777216, logicalSessionTimeoutMinutes=30, roundTripTimeNanos=264404000, setName='atlas-qzffqa-shard-0', canonicalAddress=ac-kgniliy-shard-00-00.qdkp1vw.mongodb.net:27017, hosts=[ac-kgniliy-shard-00-00.qdkp1vw.mongodb.net:27017, ac-kgniliy-shard-00-01.qdkp1vw.mongodb.net:27017, ac-kgniliy-shard-00-02.qdkp1vw.mongodb.net:27017], passives=[], arbiters=[], primary='ac-kgniliy-shard-00-01.qdkp1vw.mongodb.net:27017', tagSet=TagSet{[Tag{name='availabilityZone', value='ape1-az1'}, Tag{name='nodeType', value='ELECTABLE'}, Tag{name='provider', value='AWS'}, Tag{name='region', value='AP_EAST_1'}, Tag{name='workloadType', value='OPERATIONAL'}]}, electionId=null, setVersion=1, topologyVersion=TopologyVersion{processId=6568805ac08630c5fac86358, counter=8}, lastWriteDate=Sun Dec 03 15:29:12 ICT 2023, lastUpdateTimeNanos=360434391926200}
2023-12-03T15:29:13.018+07:00  INFO 20500 --- [ngodb.net:27017] org.mongodb.driver.cluster               : Monitor thread successfully connected to server with description ServerDescription{address=ac-kgniliy-shard-00-01.qdkp1vw.mongodb.net:27017, type=REPLICA_SET_PRIMARY, state=CONNECTED, ok=true, minWireVersion=0, maxWireVersion=17, maxDocumentSize=16777216, logicalSessionTimeoutMinutes=30, roundTripTimeNanos=264085300, setName='atlas-qzffqa-shard-0', canonicalAddress=ac-kgniliy-shard-00-01.qdkp1vw.mongodb.net:27017, hosts=[ac-kgniliy-shard-00-00.qdkp1vw.mongodb.net:27017, ac-kgniliy-shard-00-01.qdkp1vw.mongodb.net:27017, ac-kgniliy-shard-00-02.qdkp1vw.mongodb.net:27017], passives=[], arbiters=[], primary='ac-kgniliy-shard-00-01.qdkp1vw.mongodb.net:27017', tagSet=TagSet{[Tag{name='availabilityZone', value='ape1-az2'}, Tag{name='nodeType', value='ELECTABLE'}, Tag{name='provider', value='AWS'}, Tag{name='region', value='AP_EAST_1'}, Tag{name='workloadType', value='OPERATIONAL'}]}, electionId=7fffffff0000000000000002, setVersion=1, topologyVersion=TopologyVersion{processId=65688017a529863766273c4e, counter=7}, lastWriteDate=Sun Dec 03 15:29:12 ICT 2023, lastUpdateTimeNanos=360434391613200}
2023-12-03T15:29:13.023+07:00  INFO 20500 --- [ngodb.net:27017] org.mongodb.driver.cluster               : Discovered replica set primary ac-kgniliy-shard-00-01.qdkp1vw.mongodb.net:27017 with max election id 7fffffff0000000000000002 and max set version 1
2023-12-03T15:29:13.252+07:00  INFO 20500 --- [ngodb.net:27017] org.mongodb.driver.cluster               : Monitor thread successfully connected to server with description ServerDescription{address=ac-kgniliy-shard-00-00.qdkp1vw.mongodb.net:27017, type=REPLICA_SET_SECONDARY, state=CONNECTED, ok=true, minWireVersion=0, maxWireVersion=17, maxDocumentSize=16777216, logicalSessionTimeoutMinutes=30, roundTripTimeNanos=120948500, setName='atlas-qzffqa-shard-0', canonicalAddress=ac-kgniliy-shard-00-00.qdkp1vw.mongodb.net:27017, hosts=[ac-kgniliy-shard-00-00.qdkp1vw.mongodb.net:27017, ac-kgniliy-shard-00-01.qdkp1vw.mongodb.net:27017, ac-kgniliy-shard-00-02.qdkp1vw.mongodb.net:27017], passives=[], arbiters=[], primary='ac-kgniliy-shard-00-01.qdkp1vw.mongodb.net:27017', tagSet=TagSet{[Tag{name='availabilityZone', value='ape1-az1'}, Tag{name='nodeType', value='ELECTABLE'}, Tag{name='provider', value='AWS'}, Tag{name='region', value='AP_EAST_1'}, Tag{name='workloadType', value='OPERATIONAL'}]}, electionId=null, setVersion=1, topologyVersion=TopologyVersion{processId=6568805ac08630c5fac86358, counter=8}, lastWriteDate=Sun Dec 03 15:29:12 ICT 2023, lastUpdateTimeNanos=360434634869000}
2023-12-03T15:29:13.286+07:00  INFO 20500 --- [ngodb.net:27017] org.mongodb.driver.cluster               : Monitor thread successfully connected to server with description ServerDescription{address=ac-kgniliy-shard-00-01.qdkp1vw.mongodb.net:27017, type=REPLICA_SET_PRIMARY, state=CONNECTED, ok=true, minWireVersion=0, maxWireVersion=17, maxDocumentSize=16777216, logicalSessionTimeoutMinutes=30, roundTripTimeNanos=148661600, setName='atlas-qzffqa-shard-0', canonicalAddress=ac-kgniliy-shard-00-01.qdkp1vw.mongodb.net:27017, hosts=[ac-kgniliy-shard-00-00.qdkp1vw.mongodb.net:27017, ac-kgniliy-shard-00-01.qdkp1vw.mongodb.net:27017, ac-kgniliy-shard-00-02.qdkp1vw.mongodb.net:27017], passives=[], arbiters=[], primary='ac-kgniliy-shard-00-01.qdkp1vw.mongodb.net:27017', tagSet=TagSet{[Tag{name='availabilityZone', value='ape1-az2'}, Tag{name='nodeType', value='ELECTABLE'}, Tag{name='provider', value='AWS'}, Tag{name='region', value='AP_EAST_1'}, Tag{name='workloadType', value='OPERATIONAL'}]}, electionId=7fffffff0000000000000002, setVersion=1, topologyVersion=TopologyVersion{processId=65688017a529863766273c4e, counter=7}, lastWriteDate=Sun Dec 03 15:29:12 ICT 2023, lastUpdateTimeNanos=360434667490800}
2023-12-03T15:29:13.287+07:00  INFO 20500 --- [ngodb.net:27017] org.mongodb.driver.cluster               : Discovered replica set primary ac-kgniliy-shard-00-01.qdkp1vw.mongodb.net:27017 with max election id 7fffffff0000000000000002 and max set version 1
2023-12-03T15:29:13.289+07:00  INFO 20500 --- [ngodb.net:27017] org.mongodb.driver.cluster               : Monitor thread successfully connected to server with description ServerDescription{address=ac-kgniliy-shard-00-02.qdkp1vw.mongodb.net:27017, type=REPLICA_SET_SECONDARY, state=CONNECTED, ok=true, minWireVersion=0, maxWireVersion=17, maxDocumentSize=16777216, logicalSessionTimeoutMinutes=30, roundTripTimeNanos=152960200, setName='atlas-qzffqa-shard-0', canonicalAddress=ac-kgniliy-shard-00-02.qdkp1vw.mongodb.net:27017, hosts=[ac-kgniliy-shard-00-00.qdkp1vw.mongodb.net:27017, ac-kgniliy-shard-00-01.qdkp1vw.mongodb.net:27017, ac-kgniliy-shard-00-02.qdkp1vw.mongodb.net:27017], passives=[], arbiters=[], primary='ac-kgniliy-shard-00-01.qdkp1vw.mongodb.net:27017', tagSet=TagSet{[Tag{name='availabilityZone', value='ape1-az3'}, Tag{name='nodeType', value='ELECTABLE'}, Tag{name='provider', value='AWS'}, Tag{name='region', value='AP_EAST_1'}, Tag{name='workloadType', value='OPERATIONAL'}]}, electionId=null, setVersion=1, topologyVersion=TopologyVersion{processId=6568802a8f589b545dad5e55, counter=5}, lastWriteDate=Sun Dec 03 15:29:12 ICT 2023, lastUpdateTimeNanos=360434671823500}
2023-12-03T15:29:13.414+07:00 TRACE 20500 --- [    Test worker] eGlobalAuthenticationAutowiredConfigurer : Eagerly initializing {securityConfig=com.example.morax.config.security.SecurityConfig$$SpringCGLIB$$0@2b90cc1}
2023-12-03T15:29:13.537+07:00  INFO 20500 --- [    Test worker] o.s.s.web.DefaultSecurityFilterChain     : Will secure any request with [org.springframework.security.web.session.DisableEncodeUrlFilter@289a4b90, org.springframework.security.web.context.request.async.WebAsyncManagerIntegrationFilter@1a3c4b3e, org.springframework.security.web.context.SecurityContextHolderFilter@40b54762, org.springframework.security.web.header.HeaderWriterFilter@62b42406, org.springframework.security.web.authentication.logout.LogoutFilter@49b9ba6a, com.example.morax.config.security.JwtAuthFilter@4746fb8c, org.springframework.security.web.savedrequest.RequestCacheAwareFilter@7809b43a, org.springframework.security.web.servletapi.SecurityContextHolderAwareRequestFilter@2fafa7b5, org.springframework.security.web.authentication.AnonymousAuthenticationFilter@3be46d9c, org.springframework.security.web.access.ExceptionTranslationFilter@16944b58, org.springframework.security.web.access.intercept.AuthorizationFilter@799971ac]
2023-12-03T15:29:14.134+07:00  INFO 20500 --- [1vw.mongodb.net] org.mongodb.driver.cluster               : Adding discovered server ac-kgniliy-shard-00-02.qdkp1vw.mongodb.net:27017 to client view of cluster
2023-12-03T15:29:14.135+07:00  INFO 20500 --- [1vw.mongodb.net] org.mongodb.driver.cluster               : Adding discovered server ac-kgniliy-shard-00-01.qdkp1vw.mongodb.net:27017 to client view of cluster
2023-12-03T15:29:14.136+07:00  INFO 20500 --- [1vw.mongodb.net] org.mongodb.driver.cluster               : Adding discovered server ac-kgniliy-shard-00-00.qdkp1vw.mongodb.net:27017 to client view of cluster
2023-12-03T15:29:14.143+07:00  INFO 20500 --- [    Test worker] org.mongodb.driver.client                : MongoClient with metadata {"driver": {"name": "mongo-java-driver|reactive-streams|spring-boot", "version": "4.9.1"}, "os": {"type": "Windows", "name": "Windows 10", "architecture": "amd64", "version": "10.0"}, "platform": "Java/Oracle Corporation/17.0.1+12-LTS-39"} created with settings MongoClientSettings{readPreference=primary, writeConcern=WriteConcern{w=majority, wTimeout=null ms, journal=null}, retryWrites=true, retryReads=true, readConcern=ReadConcern{level=null}, credential=MongoCredential{mechanism=null, userName='ntn071000', source='admin', password=<hidden>, mechanismProperties=<hidden>}, streamFactoryFactory=NettyStreamFactoryFactory{eventLoopGroup=io.netty.channel.nio.NioEventLoopGroup@1e01b195, socketChannelClass=class io.netty.channel.socket.nio.NioSocketChannel, allocator=PooledByteBufAllocator(directByDefault: true), sslContext=null}, commandListeners=[], codecRegistry=ProvidersCodecRegistry{codecProviders=[ValueCodecProvider{}, BsonValueCodecProvider{}, DBRefCodecProvider{}, DBObjectCodecProvider{}, DocumentCodecProvider{}, CollectionCodecProvider{}, IterableCodecProvider{}, MapCodecProvider{}, GeoJsonCodecProvider{}, GridFSFileCodecProvider{}, Jsr310CodecProvider{}, JsonObjectCodecProvider{}, BsonCodecProvider{}, EnumCodecProvider{}, com.mongodb.client.model.mql.ExpressionCodecProvider@647fb583, com.mongodb.Jep395RecordCodecProvider@7cd3e0da]}, loggerSettings=LoggerSettings{maxDocumentLength=1000}, clusterSettings={hosts=[127.0.0.1:27017], srvHost=cluster0.qdkp1vw.mongodb.net, srvServiceName=mongodb, mode=MULTIPLE, requiredClusterType=REPLICA_SET, requiredReplicaSetName='atlas-qzffqa-shard-0', serverSelector='null', clusterListeners='[]', serverSelectionTimeout='30000 ms', localThreshold='30000 ms'}, socketSettings=SocketSettings{connectTimeoutMS=10000, readTimeoutMS=0, receiveBufferSize=0, sendBufferSize=0}, heartbeatSocketSettings=SocketSettings{connectTimeoutMS=10000, readTimeoutMS=10000, receiveBufferSize=0, sendBufferSize=0}, connectionPoolSettings=ConnectionPoolSettings{maxSize=100, minSize=0, maxWaitTimeMS=120000, maxConnectionLifeTimeMS=0, maxConnectionIdleTimeMS=0, maintenanceInitialDelayMS=0, maintenanceFrequencyMS=60000, connectionPoolListeners=[], maxConnecting=2}, serverSettings=ServerSettings{heartbeatFrequencyMS=10000, minHeartbeatFrequencyMS=500, serverListeners='[]', serverMonitorListeners='[]'}, sslSettings=SslSettings{enabled=true, invalidHostNameAllowed=false, context=null}, applicationName='null', compressorList=[], uuidRepresentation=JAVA_LEGACY, serverApi=null, autoEncryptionSettings=null, contextProvider=null}
2023-12-03T15:29:14.274+07:00  INFO 20500 --- [ngodb.net:27017] org.mongodb.driver.cluster               : Monitor thread successfully connected to server with description ServerDescription{address=ac-kgniliy-shard-00-02.qdkp1vw.mongodb.net:27017, type=REPLICA_SET_SECONDARY, state=CONNECTED, ok=true, minWireVersion=0, maxWireVersion=17, maxDocumentSize=16777216, logicalSessionTimeoutMinutes=30, roundTripTimeNanos=84866700, setName='atlas-qzffqa-shard-0', canonicalAddress=ac-kgniliy-shard-00-02.qdkp1vw.mongodb.net:27017, hosts=[ac-kgniliy-shard-00-00.qdkp1vw.mongodb.net:27017, ac-kgniliy-shard-00-01.qdkp1vw.mongodb.net:27017, ac-kgniliy-shard-00-02.qdkp1vw.mongodb.net:27017], passives=[], arbiters=[], primary='ac-kgniliy-shard-00-01.qdkp1vw.mongodb.net:27017', tagSet=TagSet{[Tag{name='availabilityZone', value='ape1-az3'}, Tag{name='nodeType', value='ELECTABLE'}, Tag{name='provider', value='AWS'}, Tag{name='region', value='AP_EAST_1'}, Tag{name='workloadType', value='OPERATIONAL'}]}, electionId=null, setVersion=1, topologyVersion=TopologyVersion{processId=6568802a8f589b545dad5e55, counter=5}, lastWriteDate=Sun Dec 03 15:29:12 ICT 2023, lastUpdateTimeNanos=360435656985400}
2023-12-03T15:29:14.286+07:00  INFO 20500 --- [ngodb.net:27017] org.mongodb.driver.cluster               : Monitor thread successfully connected to server with description ServerDescription{address=ac-kgniliy-shard-00-01.qdkp1vw.mongodb.net:27017, type=REPLICA_SET_PRIMARY, state=CONNECTED, ok=true, minWireVersion=0, maxWireVersion=17, maxDocumentSize=16777216, logicalSessionTimeoutMinutes=30, roundTripTimeNanos=122069200, setName='atlas-qzffqa-shard-0', canonicalAddress=ac-kgniliy-shard-00-01.qdkp1vw.mongodb.net:27017, hosts=[ac-kgniliy-shard-00-00.qdkp1vw.mongodb.net:27017, ac-kgniliy-shard-00-01.qdkp1vw.mongodb.net:27017, ac-kgniliy-shard-00-02.qdkp1vw.mongodb.net:27017], passives=[], arbiters=[], primary='ac-kgniliy-shard-00-01.qdkp1vw.mongodb.net:27017', tagSet=TagSet{[Tag{name='availabilityZone', value='ape1-az2'}, Tag{name='nodeType', value='ELECTABLE'}, Tag{name='provider', value='AWS'}, Tag{name='region', value='AP_EAST_1'}, Tag{name='workloadType', value='OPERATIONAL'}]}, electionId=7fffffff0000000000000002, setVersion=1, topologyVersion=TopologyVersion{processId=65688017a529863766273c4e, counter=7}, lastWriteDate=Sun Dec 03 15:29:12 ICT 2023, lastUpdateTimeNanos=360435668852500}
2023-12-03T15:29:14.287+07:00  INFO 20500 --- [ngodb.net:27017] org.mongodb.driver.cluster               : Discovered replica set primary ac-kgniliy-shard-00-01.qdkp1vw.mongodb.net:27017 with max election id 7fffffff0000000000000002 and max set version 1
2023-12-03T15:29:14.290+07:00  INFO 20500 --- [ngodb.net:27017] org.mongodb.driver.cluster               : Monitor thread successfully connected to server with description ServerDescription{address=ac-kgniliy-shard-00-00.qdkp1vw.mongodb.net:27017, type=REPLICA_SET_SECONDARY, state=CONNECTED, ok=true, minWireVersion=0, maxWireVersion=17, maxDocumentSize=16777216, logicalSessionTimeoutMinutes=30, roundTripTimeNanos=100202700, setName='atlas-qzffqa-shard-0', canonicalAddress=ac-kgniliy-shard-00-00.qdkp1vw.mongodb.net:27017, hosts=[ac-kgniliy-shard-00-00.qdkp1vw.mongodb.net:27017, ac-kgniliy-shard-00-01.qdkp1vw.mongodb.net:27017, ac-kgniliy-shard-00-02.qdkp1vw.mongodb.net:27017], passives=[], arbiters=[], primary='ac-kgniliy-shard-00-01.qdkp1vw.mongodb.net:27017', tagSet=TagSet{[Tag{name='availabilityZone', value='ape1-az1'}, Tag{name='nodeType', value='ELECTABLE'}, Tag{name='provider', value='AWS'}, Tag{name='region', value='AP_EAST_1'}, Tag{name='workloadType', value='OPERATIONAL'}]}, electionId=null, setVersion=1, topologyVersion=TopologyVersion{processId=6568805ac08630c5fac86358, counter=8}, lastWriteDate=Sun Dec 03 15:29:12 ICT 2023, lastUpdateTimeNanos=360435672817500}
2023-12-03T15:29:14.440+07:00  INFO 20500 --- [    Test worker] c.example.morax.MoraxApplicationTests    : Started MoraxApplicationTests in 4.099 seconds (process running for 5.24)
]]></system-out>
  <system-err><![CDATA[]]></system-err>
</testsuite>
