<?xml version="1.0" encoding="UTF-8"?>
<testsuite name="com.example.morax.MoraxApplicationTests" tests="1" skipped="0" failures="0" errors="0" timestamp="2023-12-03T08:45:58" hostname="DESKTOP-1ACE9F0" time="0.849">
  <properties/>
  <testcase name="contextLoads()" classname="com.example.morax.MoraxApplicationTests" time="0.849"/>
  <system-out><![CDATA[15:45:54.464 [Test worker] INFO org.springframework.test.context.support.AnnotationConfigContextLoaderUtils -- Could not detect default configuration classes for test class [com.example.morax.MoraxApplicationTests]: MoraxApplicationTests does not declare any static, non-private, non-final, nested classes annotated with @Configuration.
15:45:54.570 [Test worker] INFO org.springframework.boot.test.context.SpringBootTestContextBootstrapper -- Found @SpringBootConfiguration com.example.morax.MoraxApplication for test class com.example.morax.MoraxApplicationTests
15:45:54.743 [Test worker] INFO org.springframework.boot.devtools.restart.RestartApplicationListener -- Restart disabled due to context in which it is running

  .   ____          _            __ _ _
 /\\ / ___'_ __ _ _(_)_ __  __ _ \ \ \ \
( ( )\___ | '_ | '_| | '_ \/ _` | \ \ \ \
 \\/  ___)| |_)| | | | | || (_| |  ) ) ) )
  '  |____| .__|_| |_|_| |_\__, | / / / /
 =========|_|==============|___/=/_/_/_/
 :: Spring Boot ::                (v3.1.4)

2023-12-03T15:45:55.028+07:00  INFO 10756 --- [    Test worker] c.example.morax.MoraxApplicationTests    : Starting MoraxApplicationTests using Java 17.0.1 with PID 10756 (started by NamNT in C:\Users\NamNT\OneDrive\Desktop\Intern-NguyenThanhNam\Foocation\morax)
2023-12-03T15:45:55.030+07:00  INFO 10756 --- [    Test worker] c.example.morax.MoraxApplicationTests    : No active profile set, falling back to 1 default profile: "default"
2023-12-03T15:45:56.391+07:00  INFO 10756 --- [    Test worker] .s.d.r.c.RepositoryConfigurationDelegate : Bootstrapping Spring Data Reactive MongoDB repositories in DEFAULT mode.
2023-12-03T15:45:56.430+07:00  INFO 10756 --- [    Test worker] .s.d.r.c.RepositoryConfigurationDelegate : Finished Spring Data repository scanning in 32 ms. Found 0 Reactive MongoDB repository interfaces.
2023-12-03T15:45:56.440+07:00  INFO 10756 --- [    Test worker] .s.d.r.c.RepositoryConfigurationDelegate : Bootstrapping Spring Data MongoDB repositories in DEFAULT mode.
2023-12-03T15:45:56.447+07:00  INFO 10756 --- [    Test worker] .s.d.r.c.RepositoryConfigurationDelegate : Finished Spring Data repository scanning in 6 ms. Found 0 MongoDB repository interfaces.
2023-12-03T15:45:57.023+07:00  INFO 10756 --- [1vw.mongodb.net] org.mongodb.driver.cluster               : Adding discovered server ac-kgniliy-shard-00-02.qdkp1vw.mongodb.net:27017 to client view of cluster
2023-12-03T15:45:57.044+07:00  INFO 10756 --- [    Test worker] org.mongodb.driver.client                : MongoClient with metadata {"driver": {"name": "mongo-java-driver|sync", "version": "4.9.1"}, "os": {"type": "Windows", "name": "Windows 10", "architecture": "amd64", "version": "10.0"}, "platform": "Java/Oracle Corporation/17.0.1+12-LTS-39"} created with settings MongoClientSettings{readPreference=primary, writeConcern=WriteConcern{w=null, wTimeout=null ms, journal=null}, retryWrites=true, retryReads=true, readConcern=ReadConcern{level=AVAILABLE}, credential=MongoCredential{mechanism=null, userName='ntn071000', source='admin', password=<hidden>, mechanismProperties=<hidden>}, streamFactoryFactory=null, commandListeners=[], codecRegistry=ProvidersCodecRegistry{codecProviders=[ValueCodecProvider{}, BsonValueCodecProvider{}, DBRefCodecProvider{}, DBObjectCodecProvider{}, DocumentCodecProvider{}, CollectionCodecProvider{}, IterableCodecProvider{}, MapCodecProvider{}, GeoJsonCodecProvider{}, GridFSFileCodecProvider{}, Jsr310CodecProvider{}, JsonObjectCodecProvider{}, BsonCodecProvider{}, EnumCodecProvider{}, com.mongodb.client.model.mql.ExpressionCodecProvider@7cd3e0da, com.mongodb.Jep395RecordCodecProvider@919086]}, loggerSettings=LoggerSettings{maxDocumentLength=1000}, clusterSettings={hosts=[127.0.0.1:27017], srvHost=cluster0.qdkp1vw.mongodb.net, srvServiceName=mongodb, mode=MULTIPLE, requiredClusterType=REPLICA_SET, requiredReplicaSetName='atlas-qzffqa-shard-0', serverSelector='null', clusterListeners='[]', serverSelectionTimeout='30000 ms', localThreshold='30000 ms'}, socketSettings=SocketSettings{connectTimeoutMS=10000, readTimeoutMS=0, receiveBufferSize=0, sendBufferSize=0}, heartbeatSocketSettings=SocketSettings{connectTimeoutMS=10000, readTimeoutMS=10000, receiveBufferSize=0, sendBufferSize=0}, connectionPoolSettings=ConnectionPoolSettings{maxSize=100, minSize=0, maxWaitTimeMS=120000, maxConnectionLifeTimeMS=0, maxConnectionIdleTimeMS=0, maintenanceInitialDelayMS=0, maintenanceFrequencyMS=60000, connectionPoolListeners=[], maxConnecting=2}, serverSettings=ServerSettings{heartbeatFrequencyMS=10000, minHeartbeatFrequencyMS=500, serverListeners='[]', serverMonitorListeners='[]'}, sslSettings=SslSettings{enabled=true, invalidHostNameAllowed=false, context=null}, applicationName='null', compressorList=[], uuidRepresentation=UNSPECIFIED, serverApi=null, autoEncryptionSettings=null, contextProvider=null}
2023-12-03T15:45:57.052+07:00  INFO 10756 --- [1vw.mongodb.net] org.mongodb.driver.cluster               : Adding discovered server ac-kgniliy-shard-00-01.qdkp1vw.mongodb.net:27017 to client view of cluster
2023-12-03T15:45:57.053+07:00  INFO 10756 --- [1vw.mongodb.net] org.mongodb.driver.cluster               : Adding discovered server ac-kgniliy-shard-00-00.qdkp1vw.mongodb.net:27017 to client view of cluster
2023-12-03T15:45:57.484+07:00  INFO 10756 --- [ngodb.net:27017] org.mongodb.driver.cluster               : Monitor thread successfully connected to server with description ServerDescription{address=ac-kgniliy-shard-00-01.qdkp1vw.mongodb.net:27017, type=REPLICA_SET_PRIMARY, state=CONNECTED, ok=true, minWireVersion=0, maxWireVersion=17, maxDocumentSize=16777216, logicalSessionTimeoutMinutes=30, roundTripTimeNanos=243412800, setName='atlas-qzffqa-shard-0', canonicalAddress=ac-kgniliy-shard-00-01.qdkp1vw.mongodb.net:27017, hosts=[ac-kgniliy-shard-00-00.qdkp1vw.mongodb.net:27017, ac-kgniliy-shard-00-01.qdkp1vw.mongodb.net:27017, ac-kgniliy-shard-00-02.qdkp1vw.mongodb.net:27017], passives=[], arbiters=[], primary='ac-kgniliy-shard-00-01.qdkp1vw.mongodb.net:27017', tagSet=TagSet{[Tag{name='availabilityZone', value='ape1-az2'}, Tag{name='nodeType', value='ELECTABLE'}, Tag{name='provider', value='AWS'}, Tag{name='region', value='AP_EAST_1'}, Tag{name='workloadType', value='OPERATIONAL'}]}, electionId=7fffffff0000000000000002, setVersion=1, topologyVersion=TopologyVersion{processId=65688017a529863766273c4e, counter=7}, lastWriteDate=Sun Dec 03 15:45:54 ICT 2023, lastUpdateTimeNanos=361438858108000}
2023-12-03T15:45:57.484+07:00  INFO 10756 --- [ngodb.net:27017] org.mongodb.driver.cluster               : Monitor thread successfully connected to server with description ServerDescription{address=ac-kgniliy-shard-00-00.qdkp1vw.mongodb.net:27017, type=REPLICA_SET_SECONDARY, state=CONNECTED, ok=true, minWireVersion=0, maxWireVersion=17, maxDocumentSize=16777216, logicalSessionTimeoutMinutes=30, roundTripTimeNanos=243419600, setName='atlas-qzffqa-shard-0', canonicalAddress=ac-kgniliy-shard-00-00.qdkp1vw.mongodb.net:27017, hosts=[ac-kgniliy-shard-00-00.qdkp1vw.mongodb.net:27017, ac-kgniliy-shard-00-01.qdkp1vw.mongodb.net:27017, ac-kgniliy-shard-00-02.qdkp1vw.mongodb.net:27017], passives=[], arbiters=[], primary='ac-kgniliy-shard-00-01.qdkp1vw.mongodb.net:27017', tagSet=TagSet{[Tag{name='availabilityZone', value='ape1-az1'}, Tag{name='nodeType', value='ELECTABLE'}, Tag{name='provider', value='AWS'}, Tag{name='region', value='AP_EAST_1'}, Tag{name='workloadType', value='OPERATIONAL'}]}, electionId=null, setVersion=1, topologyVersion=TopologyVersion{processId=6568805ac08630c5fac86358, counter=8}, lastWriteDate=Sun Dec 03 15:45:54 ICT 2023, lastUpdateTimeNanos=361438858111000}
2023-12-03T15:45:57.484+07:00  INFO 10756 --- [ngodb.net:27017] org.mongodb.driver.cluster               : Monitor thread successfully connected to server with description ServerDescription{address=ac-kgniliy-shard-00-02.qdkp1vw.mongodb.net:27017, type=REPLICA_SET_SECONDARY, state=CONNECTED, ok=true, minWireVersion=0, maxWireVersion=17, maxDocumentSize=16777216, logicalSessionTimeoutMinutes=30, roundTripTimeNanos=240165800, setName='atlas-qzffqa-shard-0', canonicalAddress=ac-kgniliy-shard-00-02.qdkp1vw.mongodb.net:27017, hosts=[ac-kgniliy-shard-00-00.qdkp1vw.mongodb.net:27017, ac-kgniliy-shard-00-01.qdkp1vw.mongodb.net:27017, ac-kgniliy-shard-00-02.qdkp1vw.mongodb.net:27017], passives=[], arbiters=[], primary='ac-kgniliy-shard-00-01.qdkp1vw.mongodb.net:27017', tagSet=TagSet{[Tag{name='availabilityZone', value='ape1-az3'}, Tag{name='nodeType', value='ELECTABLE'}, Tag{name='provider', value='AWS'}, Tag{name='region', value='AP_EAST_1'}, Tag{name='workloadType', value='OPERATIONAL'}]}, electionId=null, setVersion=1, topologyVersion=TopologyVersion{processId=6568802a8f589b545dad5e55, counter=5}, lastWriteDate=Sun Dec 03 15:45:54 ICT 2023, lastUpdateTimeNanos=361438858207500}
2023-12-03T15:45:57.488+07:00  INFO 10756 --- [ngodb.net:27017] org.mongodb.driver.cluster               : Discovered replica set primary ac-kgniliy-shard-00-01.qdkp1vw.mongodb.net:27017 with max election id 7fffffff0000000000000002 and max set version 1
2023-12-03T15:45:57.504+07:00  INFO 10756 --- [    Test worker] org.mongodb.driver.client                : MongoClient with metadata {"driver": {"name": "mongo-java-driver|sync|spring-boot", "version": "4.9.1"}, "os": {"type": "Windows", "name": "Windows 10", "architecture": "amd64", "version": "10.0"}, "platform": "Java/Oracle Corporation/17.0.1+12-LTS-39"} created with settings MongoClientSettings{readPreference=primary, writeConcern=WriteConcern{w=majority, wTimeout=null ms, journal=null}, retryWrites=true, retryReads=true, readConcern=ReadConcern{level=null}, credential=MongoCredential{mechanism=null, userName='ntn071000', source='admin', password=<hidden>, mechanismProperties=<hidden>}, streamFactoryFactory=NettyStreamFactoryFactory{eventLoopGroup=io.netty.channel.nio.NioEventLoopGroup@5f6a8efe, socketChannelClass=class io.netty.channel.socket.nio.NioSocketChannel, allocator=PooledByteBufAllocator(directByDefault: true), sslContext=null}, commandListeners=[], codecRegistry=ProvidersCodecRegistry{codecProviders=[ValueCodecProvider{}, BsonValueCodecProvider{}, DBRefCodecProvider{}, DBObjectCodecProvider{}, DocumentCodecProvider{}, CollectionCodecProvider{}, IterableCodecProvider{}, MapCodecProvider{}, GeoJsonCodecProvider{}, GridFSFileCodecProvider{}, Jsr310CodecProvider{}, JsonObjectCodecProvider{}, BsonCodecProvider{}, EnumCodecProvider{}, com.mongodb.client.model.mql.ExpressionCodecProvider@7cd3e0da, com.mongodb.Jep395RecordCodecProvider@919086]}, loggerSettings=LoggerSettings{maxDocumentLength=1000}, clusterSettings={hosts=[127.0.0.1:27017], srvHost=cluster0.qdkp1vw.mongodb.net, srvServiceName=mongodb, mode=MULTIPLE, requiredClusterType=REPLICA_SET, requiredReplicaSetName='atlas-qzffqa-shard-0', serverSelector='null', clusterListeners='[]', serverSelectionTimeout='30000 ms', localThreshold='30000 ms'}, socketSettings=SocketSettings{connectTimeoutMS=10000, readTimeoutMS=0, receiveBufferSize=0, sendBufferSize=0}, heartbeatSocketSettings=SocketSettings{connectTimeoutMS=10000, readTimeoutMS=10000, receiveBufferSize=0, sendBufferSize=0}, connectionPoolSettings=ConnectionPoolSettings{maxSize=100, minSize=0, maxWaitTimeMS=120000, maxConnectionLifeTimeMS=0, maxConnectionIdleTimeMS=0, maintenanceInitialDelayMS=0, maintenanceFrequencyMS=60000, connectionPoolListeners=[], maxConnecting=2}, serverSettings=ServerSettings{heartbeatFrequencyMS=10000, minHeartbeatFrequencyMS=500, serverListeners='[]', serverMonitorListeners='[]'}, sslSettings=SslSettings{enabled=true, invalidHostNameAllowed=false, context=null}, applicationName='null', compressorList=[], uuidRepresentation=JAVA_LEGACY, serverApi=null, autoEncryptionSettings=null, contextProvider=null}
2023-12-03T15:45:57.511+07:00  INFO 10756 --- [1vw.mongodb.net] org.mongodb.driver.cluster               : Adding discovered server ac-kgniliy-shard-00-02.qdkp1vw.mongodb.net:27017 to client view of cluster
2023-12-03T15:45:57.512+07:00  INFO 10756 --- [1vw.mongodb.net] org.mongodb.driver.cluster               : Adding discovered server ac-kgniliy-shard-00-01.qdkp1vw.mongodb.net:27017 to client view of cluster
2023-12-03T15:45:57.513+07:00  INFO 10756 --- [1vw.mongodb.net] org.mongodb.driver.cluster               : Adding discovered server ac-kgniliy-shard-00-00.qdkp1vw.mongodb.net:27017 to client view of cluster
2023-12-03T15:45:57.837+07:00  INFO 10756 --- [ngodb.net:27017] org.mongodb.driver.cluster               : Monitor thread successfully connected to server with description ServerDescription{address=ac-kgniliy-shard-00-01.qdkp1vw.mongodb.net:27017, type=REPLICA_SET_PRIMARY, state=CONNECTED, ok=true, minWireVersion=0, maxWireVersion=17, maxDocumentSize=16777216, logicalSessionTimeoutMinutes=30, roundTripTimeNanos=117785300, setName='atlas-qzffqa-shard-0', canonicalAddress=ac-kgniliy-shard-00-01.qdkp1vw.mongodb.net:27017, hosts=[ac-kgniliy-shard-00-00.qdkp1vw.mongodb.net:27017, ac-kgniliy-shard-00-01.qdkp1vw.mongodb.net:27017, ac-kgniliy-shard-00-02.qdkp1vw.mongodb.net:27017], passives=[], arbiters=[], primary='ac-kgniliy-shard-00-01.qdkp1vw.mongodb.net:27017', tagSet=TagSet{[Tag{name='availabilityZone', value='ape1-az2'}, Tag{name='nodeType', value='ELECTABLE'}, Tag{name='provider', value='AWS'}, Tag{name='region', value='AP_EAST_1'}, Tag{name='workloadType', value='OPERATIONAL'}]}, electionId=7fffffff0000000000000002, setVersion=1, topologyVersion=TopologyVersion{processId=65688017a529863766273c4e, counter=7}, lastWriteDate=Sun Dec 03 15:45:54 ICT 2023, lastUpdateTimeNanos=361439218748900}
2023-12-03T15:45:57.838+07:00  INFO 10756 --- [ngodb.net:27017] org.mongodb.driver.cluster               : Discovered replica set primary ac-kgniliy-shard-00-01.qdkp1vw.mongodb.net:27017 with max election id 7fffffff0000000000000002 and max set version 1
2023-12-03T15:45:57.849+07:00  INFO 10756 --- [ngodb.net:27017] org.mongodb.driver.cluster               : Monitor thread successfully connected to server with description ServerDescription{address=ac-kgniliy-shard-00-00.qdkp1vw.mongodb.net:27017, type=REPLICA_SET_SECONDARY, state=CONNECTED, ok=true, minWireVersion=0, maxWireVersion=17, maxDocumentSize=16777216, logicalSessionTimeoutMinutes=30, roundTripTimeNanos=128055700, setName='atlas-qzffqa-shard-0', canonicalAddress=ac-kgniliy-shard-00-00.qdkp1vw.mongodb.net:27017, hosts=[ac-kgniliy-shard-00-00.qdkp1vw.mongodb.net:27017, ac-kgniliy-shard-00-01.qdkp1vw.mongodb.net:27017, ac-kgniliy-shard-00-02.qdkp1vw.mongodb.net:27017], passives=[], arbiters=[], primary='ac-kgniliy-shard-00-01.qdkp1vw.mongodb.net:27017', tagSet=TagSet{[Tag{name='availabilityZone', value='ape1-az1'}, Tag{name='nodeType', value='ELECTABLE'}, Tag{name='provider', value='AWS'}, Tag{name='region', value='AP_EAST_1'}, Tag{name='workloadType', value='OPERATIONAL'}]}, electionId=null, setVersion=1, topologyVersion=TopologyVersion{processId=6568805ac08630c5fac86358, counter=8}, lastWriteDate=Sun Dec 03 15:45:54 ICT 2023, lastUpdateTimeNanos=361439230307300}
2023-12-03T15:45:57.876+07:00  INFO 10756 --- [ngodb.net:27017] org.mongodb.driver.cluster               : Monitor thread successfully connected to server with description ServerDescription{address=ac-kgniliy-shard-00-02.qdkp1vw.mongodb.net:27017, type=REPLICA_SET_SECONDARY, state=CONNECTED, ok=true, minWireVersion=0, maxWireVersion=17, maxDocumentSize=16777216, logicalSessionTimeoutMinutes=30, roundTripTimeNanos=139766500, setName='atlas-qzffqa-shard-0', canonicalAddress=ac-kgniliy-shard-00-02.qdkp1vw.mongodb.net:27017, hosts=[ac-kgniliy-shard-00-00.qdkp1vw.mongodb.net:27017, ac-kgniliy-shard-00-01.qdkp1vw.mongodb.net:27017, ac-kgniliy-shard-00-02.qdkp1vw.mongodb.net:27017], passives=[], arbiters=[], primary='ac-kgniliy-shard-00-01.qdkp1vw.mongodb.net:27017', tagSet=TagSet{[Tag{name='availabilityZone', value='ape1-az3'}, Tag{name='nodeType', value='ELECTABLE'}, Tag{name='provider', value='AWS'}, Tag{name='region', value='AP_EAST_1'}, Tag{name='workloadType', value='OPERATIONAL'}]}, electionId=null, setVersion=1, topologyVersion=TopologyVersion{processId=6568802a8f589b545dad5e55, counter=5}, lastWriteDate=Sun Dec 03 15:45:54 ICT 2023, lastUpdateTimeNanos=361439257922000}
2023-12-03T15:45:58.015+07:00 TRACE 10756 --- [    Test worker] eGlobalAuthenticationAutowiredConfigurer : Eagerly initializing {securityConfig=com.example.morax.config.security.SecurityConfig$$SpringCGLIB$$0@5a2f401a}
2023-12-03T15:45:58.118+07:00  INFO 10756 --- [    Test worker] o.s.s.web.DefaultSecurityFilterChain     : Will secure any request with [org.springframework.security.web.session.DisableEncodeUrlFilter@1a3c4b3e, org.springframework.security.web.context.request.async.WebAsyncManagerIntegrationFilter@4746fb8c, org.springframework.security.web.context.SecurityContextHolderFilter@362cf66, org.springframework.security.web.header.HeaderWriterFilter@a0e33db, org.springframework.security.web.authentication.logout.LogoutFilter@7be62956, com.example.morax.config.security.JwtAuthFilter@3be46d9c, org.springframework.security.web.savedrequest.RequestCacheAwareFilter@65da4a5d, org.springframework.security.web.servletapi.SecurityContextHolderAwareRequestFilter@181098bf, org.springframework.security.web.authentication.AnonymousAuthenticationFilter@41d877bb, org.springframework.security.web.access.ExceptionTranslationFilter@1dbc607d, org.springframework.security.web.access.intercept.AuthorizationFilter@59c08cf1]
2023-12-03T15:45:58.669+07:00  INFO 10756 --- [1vw.mongodb.net] org.mongodb.driver.cluster               : Adding discovered server ac-kgniliy-shard-00-02.qdkp1vw.mongodb.net:27017 to client view of cluster
2023-12-03T15:45:58.670+07:00  INFO 10756 --- [1vw.mongodb.net] org.mongodb.driver.cluster               : Adding discovered server ac-kgniliy-shard-00-01.qdkp1vw.mongodb.net:27017 to client view of cluster
2023-12-03T15:45:58.671+07:00  INFO 10756 --- [1vw.mongodb.net] org.mongodb.driver.cluster               : Adding discovered server ac-kgniliy-shard-00-00.qdkp1vw.mongodb.net:27017 to client view of cluster
2023-12-03T15:45:58.680+07:00  INFO 10756 --- [    Test worker] org.mongodb.driver.client                : MongoClient with metadata {"driver": {"name": "mongo-java-driver|reactive-streams|spring-boot", "version": "4.9.1"}, "os": {"type": "Windows", "name": "Windows 10", "architecture": "amd64", "version": "10.0"}, "platform": "Java/Oracle Corporation/17.0.1+12-LTS-39"} created with settings MongoClientSettings{readPreference=primary, writeConcern=WriteConcern{w=majority, wTimeout=null ms, journal=null}, retryWrites=true, retryReads=true, readConcern=ReadConcern{level=null}, credential=MongoCredential{mechanism=null, userName='ntn071000', source='admin', password=<hidden>, mechanismProperties=<hidden>}, streamFactoryFactory=NettyStreamFactoryFactory{eventLoopGroup=io.netty.channel.nio.NioEventLoopGroup@59a3eaf7, socketChannelClass=class io.netty.channel.socket.nio.NioSocketChannel, allocator=PooledByteBufAllocator(directByDefault: true), sslContext=null}, commandListeners=[], codecRegistry=ProvidersCodecRegistry{codecProviders=[ValueCodecProvider{}, BsonValueCodecProvider{}, DBRefCodecProvider{}, DBObjectCodecProvider{}, DocumentCodecProvider{}, CollectionCodecProvider{}, IterableCodecProvider{}, MapCodecProvider{}, GeoJsonCodecProvider{}, GridFSFileCodecProvider{}, Jsr310CodecProvider{}, JsonObjectCodecProvider{}, BsonCodecProvider{}, EnumCodecProvider{}, com.mongodb.client.model.mql.ExpressionCodecProvider@7cd3e0da, com.mongodb.Jep395RecordCodecProvider@919086]}, loggerSettings=LoggerSettings{maxDocumentLength=1000}, clusterSettings={hosts=[127.0.0.1:27017], srvHost=cluster0.qdkp1vw.mongodb.net, srvServiceName=mongodb, mode=MULTIPLE, requiredClusterType=REPLICA_SET, requiredReplicaSetName='atlas-qzffqa-shard-0', serverSelector='null', clusterListeners='[]', serverSelectionTimeout='30000 ms', localThreshold='30000 ms'}, socketSettings=SocketSettings{connectTimeoutMS=10000, readTimeoutMS=0, receiveBufferSize=0, sendBufferSize=0}, heartbeatSocketSettings=SocketSettings{connectTimeoutMS=10000, readTimeoutMS=10000, receiveBufferSize=0, sendBufferSize=0}, connectionPoolSettings=ConnectionPoolSettings{maxSize=100, minSize=0, maxWaitTimeMS=120000, maxConnectionLifeTimeMS=0, maxConnectionIdleTimeMS=0, maintenanceInitialDelayMS=0, maintenanceFrequencyMS=60000, connectionPoolListeners=[], maxConnecting=2}, serverSettings=ServerSettings{heartbeatFrequencyMS=10000, minHeartbeatFrequencyMS=500, serverListeners='[]', serverMonitorListeners='[]'}, sslSettings=SslSettings{enabled=true, invalidHostNameAllowed=false, context=null}, applicationName='null', compressorList=[], uuidRepresentation=JAVA_LEGACY, serverApi=null, autoEncryptionSettings=null, contextProvider=null}
2023-12-03T15:45:58.783+07:00  INFO 10756 --- [ngodb.net:27017] org.mongodb.driver.cluster               : Monitor thread successfully connected to server with description ServerDescription{address=ac-kgniliy-shard-00-02.qdkp1vw.mongodb.net:27017, type=REPLICA_SET_SECONDARY, state=CONNECTED, ok=true, minWireVersion=0, maxWireVersion=17, maxDocumentSize=16777216, logicalSessionTimeoutMinutes=30, roundTripTimeNanos=79137800, setName='atlas-qzffqa-shard-0', canonicalAddress=ac-kgniliy-shard-00-02.qdkp1vw.mongodb.net:27017, hosts=[ac-kgniliy-shard-00-00.qdkp1vw.mongodb.net:27017, ac-kgniliy-shard-00-01.qdkp1vw.mongodb.net:27017, ac-kgniliy-shard-00-02.qdkp1vw.mongodb.net:27017], passives=[], arbiters=[], primary='ac-kgniliy-shard-00-01.qdkp1vw.mongodb.net:27017', tagSet=TagSet{[Tag{name='availabilityZone', value='ape1-az3'}, Tag{name='nodeType', value='ELECTABLE'}, Tag{name='provider', value='AWS'}, Tag{name='region', value='AP_EAST_1'}, Tag{name='workloadType', value='OPERATIONAL'}]}, electionId=null, setVersion=1, topologyVersion=TopologyVersion{processId=6568802a8f589b545dad5e55, counter=5}, lastWriteDate=Sun Dec 03 15:45:54 ICT 2023, lastUpdateTimeNanos=361440165140600}
2023-12-03T15:45:58.798+07:00  INFO 10756 --- [    Test worker] org.mongodb.driver.cluster               : No server chosen by WritableServerSelector from cluster description ClusterDescription{type=REPLICA_SET, connectionMode=MULTIPLE, serverDescriptions=[ServerDescription{address=ac-kgniliy-shard-00-02.qdkp1vw.mongodb.net:27017, type=REPLICA_SET_SECONDARY, state=CONNECTED, ok=true, minWireVersion=0, maxWireVersion=17, maxDocumentSize=16777216, logicalSessionTimeoutMinutes=30, roundTripTimeNanos=79137800, setName='atlas-qzffqa-shard-0', canonicalAddress=ac-kgniliy-shard-00-02.qdkp1vw.mongodb.net:27017, hosts=[ac-kgniliy-shard-00-00.qdkp1vw.mongodb.net:27017, ac-kgniliy-shard-00-01.qdkp1vw.mongodb.net:27017, ac-kgniliy-shard-00-02.qdkp1vw.mongodb.net:27017], passives=[], arbiters=[], primary='ac-kgniliy-shard-00-01.qdkp1vw.mongodb.net:27017', tagSet=TagSet{[Tag{name='availabilityZone', value='ape1-az3'}, Tag{name='nodeType', value='ELECTABLE'}, Tag{name='provider', value='AWS'}, Tag{name='region', value='AP_EAST_1'}, Tag{name='workloadType', value='OPERATIONAL'}]}, electionId=null, setVersion=1, topologyVersion=TopologyVersion{processId=6568802a8f589b545dad5e55, counter=5}, lastWriteDate=Sun Dec 03 15:45:54 ICT 2023, lastUpdateTimeNanos=361440165140600}, ServerDescription{address=ac-kgniliy-shard-00-01.qdkp1vw.mongodb.net:27017, type=UNKNOWN, state=CONNECTING}, ServerDescription{address=ac-kgniliy-shard-00-00.qdkp1vw.mongodb.net:27017, type=UNKNOWN, state=CONNECTING}]}. Waiting for 30000 ms before timing out
2023-12-03T15:45:58.802+07:00  INFO 10756 --- [    Test worker] org.mongodb.driver.cluster               : No server chosen by WritableServerSelector from cluster description ClusterDescription{type=REPLICA_SET, connectionMode=MULTIPLE, serverDescriptions=[ServerDescription{address=ac-kgniliy-shard-00-02.qdkp1vw.mongodb.net:27017, type=REPLICA_SET_SECONDARY, state=CONNECTED, ok=true, minWireVersion=0, maxWireVersion=17, maxDocumentSize=16777216, logicalSessionTimeoutMinutes=30, roundTripTimeNanos=79137800, setName='atlas-qzffqa-shard-0', canonicalAddress=ac-kgniliy-shard-00-02.qdkp1vw.mongodb.net:27017, hosts=[ac-kgniliy-shard-00-00.qdkp1vw.mongodb.net:27017, ac-kgniliy-shard-00-01.qdkp1vw.mongodb.net:27017, ac-kgniliy-shard-00-02.qdkp1vw.mongodb.net:27017], passives=[], arbiters=[], primary='ac-kgniliy-shard-00-01.qdkp1vw.mongodb.net:27017', tagSet=TagSet{[Tag{name='availabilityZone', value='ape1-az3'}, Tag{name='nodeType', value='ELECTABLE'}, Tag{name='provider', value='AWS'}, Tag{name='region', value='AP_EAST_1'}, Tag{name='workloadType', value='OPERATIONAL'}]}, electionId=null, setVersion=1, topologyVersion=TopologyVersion{processId=6568802a8f589b545dad5e55, counter=5}, lastWriteDate=Sun Dec 03 15:45:54 ICT 2023, lastUpdateTimeNanos=361440165140600}, ServerDescription{address=ac-kgniliy-shard-00-01.qdkp1vw.mongodb.net:27017, type=UNKNOWN, state=CONNECTING}, ServerDescription{address=ac-kgniliy-shard-00-00.qdkp1vw.mongodb.net:27017, type=UNKNOWN, state=CONNECTING}]}. Waiting for 30000 ms before timing out
2023-12-03T15:45:58.809+07:00  INFO 10756 --- [ngodb.net:27017] org.mongodb.driver.cluster               : Monitor thread successfully connected to server with description ServerDescription{address=ac-kgniliy-shard-00-01.qdkp1vw.mongodb.net:27017, type=REPLICA_SET_PRIMARY, state=CONNECTED, ok=true, minWireVersion=0, maxWireVersion=17, maxDocumentSize=16777216, logicalSessionTimeoutMinutes=30, roundTripTimeNanos=104822000, setName='atlas-qzffqa-shard-0', canonicalAddress=ac-kgniliy-shard-00-01.qdkp1vw.mongodb.net:27017, hosts=[ac-kgniliy-shard-00-00.qdkp1vw.mongodb.net:27017, ac-kgniliy-shard-00-01.qdkp1vw.mongodb.net:27017, ac-kgniliy-shard-00-02.qdkp1vw.mongodb.net:27017], passives=[], arbiters=[], primary='ac-kgniliy-shard-00-01.qdkp1vw.mongodb.net:27017', tagSet=TagSet{[Tag{name='availabilityZone', value='ape1-az2'}, Tag{name='nodeType', value='ELECTABLE'}, Tag{name='provider', value='AWS'}, Tag{name='region', value='AP_EAST_1'}, Tag{name='workloadType', value='OPERATIONAL'}]}, electionId=7fffffff0000000000000002, setVersion=1, topologyVersion=TopologyVersion{processId=65688017a529863766273c4e, counter=7}, lastWriteDate=Sun Dec 03 15:45:54 ICT 2023, lastUpdateTimeNanos=361440190824800}
2023-12-03T15:45:58.810+07:00  INFO 10756 --- [ngodb.net:27017] org.mongodb.driver.cluster               : Discovered replica set primary ac-kgniliy-shard-00-01.qdkp1vw.mongodb.net:27017 with max election id 7fffffff0000000000000002 and max set version 1
2023-12-03T15:45:58.819+07:00  INFO 10756 --- [ngodb.net:27017] org.mongodb.driver.cluster               : Monitor thread successfully connected to server with description ServerDescription{address=ac-kgniliy-shard-00-00.qdkp1vw.mongodb.net:27017, type=REPLICA_SET_SECONDARY, state=CONNECTED, ok=true, minWireVersion=0, maxWireVersion=17, maxDocumentSize=16777216, logicalSessionTimeoutMinutes=30, roundTripTimeNanos=111389400, setName='atlas-qzffqa-shard-0', canonicalAddress=ac-kgniliy-shard-00-00.qdkp1vw.mongodb.net:27017, hosts=[ac-kgniliy-shard-00-00.qdkp1vw.mongodb.net:27017, ac-kgniliy-shard-00-01.qdkp1vw.mongodb.net:27017, ac-kgniliy-shard-00-02.qdkp1vw.mongodb.net:27017], passives=[], arbiters=[], primary='ac-kgniliy-shard-00-01.qdkp1vw.mongodb.net:27017', tagSet=TagSet{[Tag{name='availabilityZone', value='ape1-az1'}, Tag{name='nodeType', value='ELECTABLE'}, Tag{name='provider', value='AWS'}, Tag{name='region', value='AP_EAST_1'}, Tag{name='workloadType', value='OPERATIONAL'}]}, electionId=null, setVersion=1, topologyVersion=TopologyVersion{processId=6568805ac08630c5fac86358, counter=8}, lastWriteDate=Sun Dec 03 15:45:54 ICT 2023, lastUpdateTimeNanos=361440200293200}
2023-12-03T15:45:58.900+07:00  INFO 10756 --- [    Test worker] c.example.morax.MoraxApplicationTests    : Started MoraxApplicationTests in 4.17 seconds (process running for 5.309)
]]></system-out>
  <system-err><![CDATA[]]></system-err>
</testsuite>
